5748
0 3 2 6
0 8 2 11
0 14 2 17
0 18 2 21
0 22 2 25
0 26 2 29
0 34 2 37
0 41 2 44
0 45 2 48
0 49 2 52
0 54 2 57
0 62 2 65
0 70 2 73
0 75 2 78
0 85 2 88
0 100 2 103
0 108 2 111
0 113 2 116
0 123 2 126
0 128 2 131
0 135 2 138
0 150 2 153
0 162 2 165
0 170 2 173
0 175 2 178
0 179 2 182
0 185 2 188
0 189 2 192
0 193 2 196
0 210 2 213
0 216 2 219
0 221 2 224
0 225 2 228
0 229 2 232
0 241 2 244
1 92 3 95
1 139 3 142
1 143 3 146
1 156 3 159
1 199 3 202
2 58 4 61
2 96 4 99
2 104 4 107
2 166 4 169
2 203 4 206
2 245 4 248
2 249 4 252
3 10 5 13
3 26 5 29
3 34 5 37
3 40 5 43
3 52 5 55
3 63 5 66
3 69 5 72
3 100 5 103
3 110 5 113
3 116 5 119
3 127 5 130
3 134 5 137
3 170 5 173
3 176 5 179
3 184 5 187
3 195 5 198
3 208 5 211
3 213 5 216
3 221 5 224
3 226 5 229
3 236 5 239
4 18 6 21
4 44 6 47
4 74 6 77
4 79 6 82
4 92 6 95
4 143 6 146
4 158 6 161
4 190 6 193
4 217 6 220
5 0 7 3
5 30 7 33
5 104 7 107
5 147 7 150
5 200 7 203
5 230 7 233
6 5 8 8
6 14 8 17
6 22 8 25
6 51 8 54
6 59 8 62
6 64 8 67
6 68 8 71
6 99 8 102
6 108 8 111
6 114 8 117
6 119 8 122
6 136 8 139
6 153 8 156
6 166 8 169
6 182 8 185
6 194 8 197
6 208 8 211
6 224 8 227
6 235 8 238
6 246 8 249
7 10 9 13
7 47 9 50
7 75 9 78
7 79 9 82
7 83 9 86
7 89 9 92
7 93 9 96
7 140 9 143
7 157 9 160
7 161 9 164
7 170 9 173
7 177 9 180
7 190 9 193
7 204 9 207
7 215 9 218
7 241 9 244
8 18 10 21
8 26 10 29
8 33 10 36
8 127 10 130
8 144 10 147
8 199 10 202
8 229 10 232
9 1 11 4
9 52 11 55
9 57 11 60
9 66 11 69
9 106 11 109
9 115 11 118
9 120 11 123
9 133 11 136
9 153 11 156
9 183 11 186
9 208 11 211
9 236 11 239
10 9 12 12
10 40 12 43
10 44 12 47
10 71 12 74
10 81 12 84
10 85 12 88
10 92 12 95
10 137 12 140
10 149 12 152
10 164 12 167
10 168 12 171
10 172 12 175
10 176 12 179
10 189 12 192
10 195 12 198
10 203 12 206
10 212 12 215
10 217 12 220
10 223 12 226
10 241 12 244
10 245 12 248
11 13 13 16
11 18 13 21
11 26 13 29
11 34 13 37
11 61 13 64
11 77 13 80
11 97 13 100
11 101 13 104
11 157 13 160
11 199 13 202
11 229 13 232
12 0 14 3
12 22 14 25
12 48 14 51
12 56 14 59
12 67 14 70
12 105 14 108
12 110 14 113
12 128 14 131
12 145 14 148
12 182 14 185
12 236 14 239
12 249 14 252
13 30 15 33
13 73 15 76
13 82 15 85
13 91 15 94
13 123 15 126
13 138 15 141
13 150 15 153
13 163 15 166
13 170 15 173
13 195 15 198
13 205 15 208
13 209 15 212
13 217 15 220
13 222 15 225
13 240 15 243
14 13 16 16
14 26 16 29
14 96 16 99
14 157 16 160
14 174 16 177
14 199 16 202
14 228 16 231
14 232 16 235
14 245 16 248
15 21 17 24
15 44 17 47
15 51 17 54
15 55 17 58
15 66 17 69
15 78 17 81
15 108 17 111
15 112 17 115
15 127 17 130
15 134 17 137
15 142 17 145
16 1 18 4
16 17 18 20
16 30 18 33
16 60 18 63
16 74 18 77
16 84 18 87
16 92 18 95
16 100 18 103
16 118 18 121
16 150 18 153
16 161 18 164
16 166 18 169
16 179 18 182
16 185 18 188
16 192 18 195
16 205 18 208
16 214 18 217
16 219 18 222
16 224 18 227
16 240 18 243
17 7 19 10
17 34 19 37
17 38 19 41
17 138 19 141
17 154 19 157
17 171 19 174
17 235 19 238
17 244 19 247
18 25 20 28
18 43 20 46
18 51 20 54
18 64 20 67
18 79 20 82
18 109 20 112
18 133 20 136
18 143 20 146
18 197 20 200
18 209 20 212
18 231 20 234
19 0 21 3
19 18 21 21
19 56 21 59
19 60 21 63
19 69 21 72
19 75 21 78
19 97 21 100
19 101 21 104
19 113 21 116
19 125 21 128
19 149 21 152
19 159 21 162
19 183 21 186
19 201 21 204
19 213 21 216
19 226 21 229
20 4 22 7
20 9 22 12
20 13 22 16
20 86 22 89
20 92 22 95
20 105 22 108
20 121 22 124
20 167 22 170
20 171 22 174
20 175 22 178
20 222 22 225
20 235 22 238
20 240 22 243
20 245 22 248
21 22 23 25
21 34 23 37
21 40 23 43
21 46 23 49
21 64 23 67
21 133 23 136
21 137 23 140
21 141 23 144
21 163 23 166
21 231 23 234
22 0 24 3
22 54 24 57
22 59 24 62
22 71 24 74
22 75 24 78
22 81 24 84
22 96 24 99
22 101 24 104
22 114 24 117
22 127 24 130
22 155 24 158
22 181 24 184
22 185 24 188
22 190 24 193
22 198 24 201
22 202 24 205
22 211 24 214
23 17 25 20
23 30 25 33
23 86 25 89
23 90 25 93
23 122 25 125
23 147 25 150
23 159 25 162
23 168 25 171
23 173 25 176
23 226 25 229
23 237 25 240
23 245 25 248
24 4 26 7
24 9 26 12
24 13 26 16
24 22 26 25
24 38 26 41
24 45 26 48
24 50 26 53
24 64 26 67
24 134 26 137
24 163 26 166
24 177 26 180
24 215 26 218
24 230 26 233
25 34 27 37
25 59 27 62
25 77 27 80
25 82 27 85
25 94 27 97
25 103 27 106
25 142 27 145
25 151 27 154
25 182 27 185
25 186 27 189
25 193 27 196
25 203 27 206
25 241 27 244
25 249 27 252
26 0 28 3
26 99 28 102
26 138 28 141
26 156 28 159
26 170 28 173
26 197 28 200
26 207 28 210
26 219 28 222
26 223 28 226
26 234 28 237
26 245 28 248
27 7 29 10
27 13 29 16
27 24 29 27
27 39 29 42
27 46 29 49
27 53 29 56
27 71 29 74
27 87 29 90
27 107 29 110
27 114 29 117
27 120 29 123
27 211 29 214
28 32 30 35
28 61 30 64
28 66 30 69
28 130 30 133
28 134 30 137
28 143 30 146
28 152 30 155
28 180 30 183
28 191 30 194
28 202 30 205
28 227 30 230
28 241 30 244
28 249 30 252
29 0 31 3
29 17 31 20
29 80 31 83
29 91 31 94
29 100 31 103
29 125 31 128
29 160 31 163
29 168 31 171
29 172 31 175
29 197 31 200
29 206 31 209
29 232 31 235
29 236 31 239
30 9 32 12
30 27 32 30
30 36 32 39
30 51 32 54
30 56 32 59
30 87 32 90
30 104 32 107
30 108 32 111
30 116 32 119
30 139 32 142
30 156 32 159
30 176 32 179
30 187 32 190
30 216 32 219
30 222 32 225
31 43 33 46
31 47 33 50
31 66 33 69
31 96 33 99
31 121 33 124
31 130 33 133
31 135 33 138
31 144 33 147
31 149 33 152
31 193 33 196
31 212 33 215
31 241 33 244
31 247 33 250
32 1 34 4
32 15 34 18
32 20 34 23
32 70 34 73
32 81 34 84
32 92 34 95
32 126 34 129
32 164 34 167
32 168 34 171
32 182 34 185
32 200 34 203
32 204 34 207
32 208 34 211
33 5 35 8
33 26 35 29
33 36 35 39
33 55 35 58
33 85 35 88
33 103 35 106
33 139 35 142
33 153 35 156
33 174 35 177
33 189 35 192
33 222 35 225
33 229 35 232
33 233 35 236
33 237 35 240
34 31 36 34
34 42 36 45
34 46 36 49
34 59 36 62
34 63 36 66
34 96 36 99
34 112 36 115
34 116 36 119
34 130 36 133
34 146 36 149
34 217 36 220
34 244 36 247
35 1 37 4
35 10 37 13
35 20 37 23
35 71 37 74
35 80 37 83
35 91 37 94
35 134 37 137
35 161 37 164
35 165 37 168
35 179 37 182
35 195 37 198
35 200 37 203
35 210 37 213
36 5 38 8
36 14 38 17
36 24 38 27
36 86 38 89
36 105 38 108
36 121 38 124
36 141 38 144
36 171 38 174
36 190 38 193
36 221 38 224
36 232 38 235
37 29 39 32
37 35 39 38
37 49 39 52
37 58 39 61
37 64 39 67
37 76 39 79
37 100 39 103
37 109 39 112
37 113 39 116
37 117 39 120
37 127 39 130
37 175 39 178
37 185 39 188
37 205 39 208
37 236 39 239
37 245 39 248
38 10 40 13
38 19 40 22
38 42 40 45
38 53 40 56
38 81 40 84
38 93 40 96
38 135 40 138
38 147 40 150
38 155 40 158
38 164 40 167
38 209 40 212
38 249 40 252
39 0 41 3
39 23 41 26
39 72 41 75
39 121 41 124
39 142 41 145
39 168 41 171
39 198 41 201
39 213 41 216
39 223 41 226
40 14 42 17
40 28 42 31
40 36 42 39
40 49 42 52
40 62 42 65
40 66 42 69
40 86 42 89
40 97 42 100
40 101 42 104
40 114 42 117
40 126 42 129
40 130 42 133
40 151 42 154
40 160 42 163
40 172 42 175
40 187 42 190
40 192 42 195
40 218 42 221
40 232 42 235
40 243 42 246
41 5 43 8
41 19 43 22
41 55 43 58
41 82 43 85
41 91 43 94
41 109 43 112
41 136 43 139
41 164 43 167
41 202 43 205
41 208 43 211
42 24 44 27
42 72 44 75
42 78 44 81
42 122 44 125
42 140 44 143
42 182 44 185
42 197 44 200
42 212 44 215
43 0 45 3
43 15 45 18
43 28 45 31
43 35 45 38
43 39 45 42
43 66 45 69
43 95 45 98
43 117 45 120
43 126 45 129
43 147 45 150
43 153 45 156
43 157 45 160
43 191 45 194
43 221 45 224
43 230 45 233
43 243 45 246
44 5 46 8
44 10 46 13
44 19 46 22
44 43 46 46
44 51 46 54
44 89 46 92
44 101 46 104
44 108 46 111
44 135 46 138
44 173 46 176
44 207 46 210
44 235 46 238
44 248 46 251
45 55 47 58
45 60 47 63
45 80 47 83
45 84 47 87
45 112 47 115
45 122 47 125
45 140 47 143
45 163 47 166
45 179 47 182
45 183 47 186
45 187 47 190
45 211 47 214
46 26 48 29
46 37 48 40
46 67 48 70
46 145 48 148
46 151 48 154
46 159 48 162
46 198 48 201
46 216 48 219
46 240 48 243
46 244 48 247
47 6 49 9
47 10 49 13
47 19 49 22
47 31 49 34
47 42 49 45
47 46 49 49
47 51 49 54
47 73 49 76
47 94 49 97
47 101 49 104
47 126 49 129
47 135 49 138
47 167 49 170
47 174 49 177
47 191 49 194
47 205 49 208
47 220 49 223
47 224 49 227
47 228 49 231
47 236 49 239
47 248 49 251
48 55 50 58
48 78 50 81
48 85 50 88
48 89 50 92
48 112 50 115
48 116 50 119
48 120 50 123
48 130 50 133
48 139 50 142
48 180 50 183
48 209 50 212
49 25 51 28
49 35 51 38
49 66 51 69
49 147 51 150
49 156 51 159
49 197 51 200
49 216 51 219
49 243 51 246
50 0 52 3
50 4 52 7
50 11 52 14
50 15 52 18
50 30 52 33
50 51 52 54
50 60 52 63
50 72 52 75
50 95 52 98
50 99 52 102
50 103 52 106
50 126 52 129
50 135 52 138
50 143 52 146
50 162 52 165
50 166 52 169
50 184 52 187
50 201 52 204
50 220 52 223
50 224 52 227
50 229 52 232
50 239 52 242
51 55 53 58
51 77 53 80
51 85 53 88
51 107 53 110
51 115 53 118
51 131 53 134
51 177 53 180
51 206 53 209
51 248 53 251
52 19 54 22
52 41 54 44
52 46 54 49
52 81 54 84
52 120 54 123
52 139 54 142
52 148 54 151
52 154 54 157
52 190 54 193
52 194 54 197
52 211 54 214
52 244 54 247
53 7 55 10
53 23 55 26
53 29 55 32
53 34 55 37
53 67 55 70
53 93 55 96
53 99 55 102
53 103 55 106
53 111 55 114
53 124 55 127
53 135 55 138
53 168 55 171
53 181 55 184
53 219 55 222
53 230 55 233
53 240 55 243
54 59 56 62
54 63 56 66
54 74 56 77
54 159 56 162
54 186 56 189
54 201 56 204
54 225 56 228
54 235 56 238
54 249 56 252
55 3 57 6
55 16 57 19
55 51 57 54
55 78 57 81
55 107 57 110
55 117 57 120
55 128 57 131
55 139 57 142
55 143 57 146
55 148 57 151
55 152 57 155
55 174 57 177
55 197 57 200
55 207 57 210
56 7 58 10
56 12 58 15
56 22 58 25
56 26 58 29
56 31 58 34
56 46 58 49
56 67 58 70
56 84 58 87
56 88 58 91
56 94 58 97
56 111 58 114
56 135 58 138
56 182 58 185
56 190 58 193
56 216 58 219
57 57 59 60
57 62 59 65
57 74 59 77
57 124 59 127
57 156 59 159
57 165 59 168
57 211 59 214
57 223 59 226
57 227 59 230
57 231 59 234
57 236 59 239
57 243 59 246
57 248 59 251
58 2 60 5
58 79 60 82
58 105 60 108
58 143 60 146
58 147 60 150
58 174 60 177
58 195 60 198
58 205 60 208
59 28 61 31
59 69 61 72
59 89 61 92
59 93 61 96
59 97 61 100
59 118 61 121
59 129 61 132
59 135 61 138
59 139 61 142
59 151 61 154
59 178 61 181
59 191 61 194
59 219 61 222
60 6 62 9
60 13 62 16
60 18 62 21
60 24 62 27
60 40 62 43
60 44 62 47
60 49 62 52
60 54 62 57
60 60 62 63
60 73 62 76
60 110 62 113
60 122 62 125
60 156 62 159
60 160 62 163
60 165 62 168
60 185 62 188
60 199 62 202
60 210 62 213
60 232 62 235
60 236 62 239
60 242 62 245
61 0 63 3
61 32 63 35
61 36 63 39
61 77 63 80
61 83 63 86
61 105 63 108
61 174 63 177
61 205 63 208
61 225 63 228
61 246 63 249
62 64 64 67
62 97 64 100
62 117 64 120
62 130 64 133
62 134 64 137
62 139 64 142
62 149 64 152
62 191 64 194
62 221 64 224
63 15 65 18
63 21 65 24
63 27 65 30
63 45 65 48
63 51 65 54
63 72 65 75
63 91 65 94
63 124 65 127
63 157 65 160
63 161 65 164
63 167 65 170
63 186 65 189
63 209 65 212
63 231 65 234
64 3 66 6
64 31 66 34
64 38 66 41
64 57 66 60
64 83 66 86
64 107 66 110
64 113 66 116
64 145 66 148
64 171 66 174
64 203 66 206
64 225 66 228
64 237 66 240
64 243 66 246
64 247 66 250
65 61 67 64
65 76 67 79
65 120 67 123
65 128 67 131
65 138 67 141
65 151 67 154
65 190 67 193
65 198 67 201
65 215 67 218
65 219 67 222
66 11 68 14
66 15 68 18
66 49 68 52
66 53 68 56
66 91 68 94
66 98 68 101
66 124 68 127
66 132 68 135
66 157 68 160
66 164 68 167
66 230 68 233
67 2 69 5
67 19 69 22
67 24 69 27
67 33 69 36
67 37 69 40
67 57 69 60
67 68 69 71
67 72 69 75
67 103 69 106
67 113 69 116
67 147 69 150
67 169 69 172
67 176 69 179
67 202 69 205
67 241 69 244
67 245 69 248
68 41 70 44
68 64 70 67
68 85 70 88
68 117 70 120
68 138 70 141
68 153 70 156
68 187 70 190
68 198 70 201
68 206 70 209
68 214 70 217
68 219 70 222
69 9 71 12
69 47 71 50
69 51 71 54
69 80 71 83
69 90 71 93
69 97 71 100
69 122 71 125
69 129 71 132
69 143 71 146
69 157 71 160
69 181 71 184
69 191 71 194
69 225 71 228
69 237 71 240
70 15 72 18
70 29 72 32
70 36 72 39
70 55 72 58
70 70 72 73
70 76 72 79
70 103 72 106
70 112 72 115
70 147 72 150
70 167 72 170
70 175 72 178
71 3 73 6
71 22 73 25
71 42 73 45
71 59 73 62
71 117 73 120
71 161 73 164
71 201 73 204
71 212 73 215
71 219 73 222
71 232 73 235
72 10 74 13
72 63 74 66
72 80 74 83
72 85 74 88
72 91 74 94
72 123 74 126
72 129 74 132
72 133 74 136
72 141 74 144
72 180 74 183
72 193 74 196
72 205 74 208
72 226 74 229
72 236 74 239
72 243 74 246
72 249 74 252
73 15 75 18
73 29 75 32
73 33 75 36
73 47 75 50
73 51 75 54
73 55 75 58
73 68 75 71
73 100 75 103
73 110 75 113
73 137 75 140
73 165 75 168
73 169 75 172
73 174 75 177
73 188 75 191
74 0 76 3
74 24 76 27
74 95 76 98
74 197 76 200
74 211 76 214
74 219 76 222
75 6 77 9
75 43 77 46
75 61 77 64
75 73 77 76
75 78 77 81
75 83 77 86
75 88 77 91
75 119 77 122
75 142 77 145
75 146 77 149
75 155 77 158
75 161 77 164
75 178 77 181
75 192 77 195
75 204 77 207
75 230 77 233
75 239 77 242
76 13 78 16
76 28 78 31
76 34 78 37
76 52 78 55
76 57 78 60
76 66 78 69
76 99 78 102
76 103 78 106
76 107 78 110
76 135 78 138
76 223 78 226
76 243 78 246
77 23 79 26
77 48 79 51
77 166 79 169
77 198 79 201
77 215 79 218
77 247 79 250
78 8 80 11
78 19 80 22
78 39 80 42
78 71 80 74
78 78 80 81
78 88 80 91
78 113 80 116
78 122 80 125
78 130 80 133
78 147 80 150
78 154 80 157
78 159 80 162
78 170 80 173
78 177 80 180
78 187 80 190
78 192 80 195
78 211 80 214
78 219 80 222
78 227 80 230
78 238 80 241
79 0 81 3
79 15 81 18
79 65 81 68
79 93 81 96
79 98 81 101
79 102 81 105
79 109 81 112
79 126 81 129
79 143 81 146
79 181 81 184
79 204 81 207
79 233 81 236
80 4 82 7
80 24 82 27
80 28 82 31
80 34 82 37
80 45 82 48
80 50 82 53
80 57 82 60
80 83 82 86
80 117 82 120
80 135 82 138
80 166 82 169
80 199 82 202
80 215 82 218
80 244 82 247
81 73 83 76
81 122 83 125
81 130 83 133
81 148 83 151
81 159 83 162
81 170 83 173
81 187 83 190
81 192 83 195
81 209 83 212
81 221 83 224
81 227 83 230
81 238 83 241
82 10 84 13
82 38 84 41
82 67 84 70
82 79 84 82
82 88 84 91
82 95 84 98
82 103 84 106
82 144 84 147
82 174 84 177
82 179 84 182
82 183 84 186
83 3 85 6
83 17 85 20
83 22 85 25
83 31 85 34
83 42 85 45
83 48 85 51
83 52 85 55
83 59 85 62
83 63 85 66
83 99 85 102
83 110 85 113
83 134 85 137
83 140 85 143
83 155 85 158
83 164 85 167
83 205 85 208
83 216 85 219
83 246 85 249
84 72 86 75
84 121 86 124
84 128 86 131
84 150 86 153
84 168 86 171
84 187 86 190
84 192 86 195
84 210 86 213
84 224 86 227
85 9 87 12
85 13 87 16
85 38 87 41
85 82 87 85
85 86 87 89
85 90 87 93
85 104 87 107
85 114 87 117
85 172 87 175
85 176 87 179
85 181 87 184
85 200 87 203
85 233 87 236
86 2 88 5
86 18 88 21
86 23 88 26
86 42 88 45
86 49 88 52
86 55 88 58
86 61 88 64
86 95 88 98
86 109 88 112
86 132 88 135
86 156 88 159
86 160 88 163
86 196 88 199
86 205 88 208
86 237 88 240
86 244 88 247
86 249 88 252
87 28 89 31
87 68 89 71
87 76 89 79
87 122 89 125
87 127 89 130
87 139 89 142
87 185 89 188
87 191 89 194
87 211 89 214
87 219 89 222
88 6 90 9
88 34 90 37
88 87 90 90
88 104 90 107
88 147 90 150
88 164 90 167
88 173 90 176
88 181 90 184
88 224 90 227
88 228 90 231
88 232 90 235
89 1 91 4
89 11 91 14
89 16 91 19
89 24 91 27
89 38 91 41
89 43 91 46
89 47 91 50
89 62 91 65
89 99 91 102
89 108 91 111
89 114 91 117
89 131 91 134
89 143 91 146
89 151 91 154
89 160 91 163
89 203 91 206
89 207 91 210
89 237 91 240
89 248 91 251
90 55 92 58
90 72 92 75
90 78 92 81
90 91 92 94
90 124 92 127
90 137 92 140
90 193 92 196
90 216 92 219
90 220 92 223
91 7 93 10
91 30 93 33
91 34 93 37
91 86 93 89
91 104 93 107
91 118 93 121
91 171 93 174
91 189 93 192
91 224 93 227
92 2 94 5
92 11 94 14
92 15 94 18
92 25 94 28
92 46 94 49
92 63 94 66
92 68 94 71
92 96 94 99
92 114 94 117
92 146 94 149
92 155 94 158
92 166 94 169
92 175 94 178
92 182 94 185
92 208 94 211
92 230 94 233
92 237 94 240
93 38 95 41
93 53 95 56
93 72 95 75
93 90 95 93
93 123 95 126
93 141 95 144
93 160 95 163
93 194 95 197
93 200 95 203
93 215 95 218
93 249 95 252
94 31 96 34
94 42 96 45
94 79 96 82
94 84 96 87
94 100 96 103
94 118 96 121
94 130 96 133
94 150 96 153
94 170 96 173
94 186 96 189
94 224 96 227
94 241 96 244
95 2 97 5
95 8 97 11
95 17 97 20
95 96 97 99
95 111 97 114
95 145 97 148
95 174 97 177
95 178 97 181
95 182 97 185
95 206 97 209
95 233 97 236
96 36 98 39
96 65 98 68
96 72 98 75
96 89 98 92
96 123 98 126
96 137 98 140
96 141 98 144
96 154 98 157
96 158 98 161
96 164 98 167
96 196 98 199
96 200 98 203
96 213 98 216
96 218 98 221
96 229 98 232
96 245 98 248
97 24 99 27
97 42 99 45
97 56 99 59
97 81 99 84
97 85 99 88
97 100 99 103
97 107 99 110
97 133 99 136
97 149 99 152
97 168 99 171
97 222 99 225
97 238 99 241
98 6 100 9
98 18 100 21
98 28 100 31
98 48 100 51
98 77 100 80
98 116 100 119
98 172 100 175
98 178 100 181
98 182 100 185
99 1 101 4
99 33 101 36
99 37 101 40
99 60 101 63
99 64 101 67
99 89 101 92
99 94 101 97
99 112 101 115
99 123 101 126
99 139 101 142
99 154 101 157
99 160 101 163
99 186 101 189
99 191 101 194
99 196 101 199
99 228 101 231
99 243 101 246
100 22 102 25
100 56 102 59
100 73 102 76
100 98 102 101
100 102 102 105
100 127 102 130
100 135 102 138
100 146 102 149
100 164 102 167
100 204 102 207
100 211 102 214
100 234 102 237
101 16 103 19
101 45 103 48
101 50 103 53
101 68 103 71
101 79 103 82
101 107 103 110
101 116 103 119
101 150 103 153
101 174 103 177
101 182 103 185
101 215 103 218
101 219 103 222
101 238 103 241
102 26 104 29
102 37 104 40
102 41 104 44
102 60 104 63
102 87 104 90
102 111 104 114
102 120 104 123
102 157 104 160
102 186 104 189
102 190 104 193
102 196 104 199
102 200 104 203
102 226 104 229
102 230 104 233
103 9 105 12
103 30 105 33
103 72 105 75
103 91 105 94
103 96 105 99
103 129 105 132
103 135 105 138
103 163 105 166
103 209 105 212
104 0 106 3
104 19 106 22
104 76 106 79
104 115 106 118
104 149 106 152
104 167 106 170
104 175 106 178
104 213 106 216
104 222 106 225
104 239 106 242
105 35 107 38
105 60 107 63
105 65 107 68
105 101 107 104
105 109 107 112
105 120 107 123
105 143 107 146
105 153 107 156
105 184 107 187
105 196 107 199
105 218 107 221
105 232 107 235
105 243 107 246
105 247 107 250
106 27 108 30
106 49 108 52
106 72 108 75
106 82 108 85
106 86 108 89
106 94 108 97
106 127 108 130
106 134 108 137
106 158 108 161
106 205 108 208
106 209 108 212
106 227 108 230
107 4 109 7
107 9 109 12
107 15 109 18
107 19 109 22
107 44 109 47
107 53 109 56
107 76 109 79
107 114 109 117
107 138 109 141
107 165 109 168
107 171 109 174
107 180 109 183
107 200 109 203
107 214 109 217
107 236 109 239
108 23 110 26
108 65 110 68
108 98 110 101
108 104 110 107
108 108 110 111
108 122 110 125
108 184 110 187
108 195 110 198
108 223 110 226
108 231 110 234
108 244 110 247
109 30 111 33
109 34 111 37
109 57 111 60
109 70 111 73
109 88 111 91
109 94 111 97
109 127 111 130
109 150 111 153
109 188 111 191
109 204 111 207
109 208 111 211
109 218 111 221
110 0 112 3
110 6 112 9
110 17 112 20
110 42 112 45
110 49 112 52
110 74 112 77
110 83 112 86
110 117 112 120
110 159 112 162
110 169 112 172
110 214 112 217
110 240 112 243
111 12 113 15
111 64 113 67
111 78 113 81
111 98 113 101
111 102 113 105
111 107 113 110
111 111 113 114
111 133 113 136
111 141 113 144
111 146 113 149
111 154 113 157
111 181 113 184
111 192 113 195
111 199 113 202
111 226 113 229
111 245 113 248
112 35 114 38
112 55 114 58
112 59 114 62
112 91 114 94
112 128 114 131
112 164 114 167
112 175 114 178
112 219 114 222
112 230 114 233
112 236 114 239
112 249 114 252
113 0 115 3
113 17 115 20
113 21 115 24
113 39 115 42
113 43 115 46
113 72 115 75
113 85 115 88
113 118 115 121
113 124 115 127
113 187 115 190
113 203 115 206
113 213 115 216
113 240 115 243
114 6 116 9
114 10 116 13
114 26 116 29
114 47 116 50
114 51 116 54
114 103 116 106
114 110 116 113
114 135 116 138
114 147 116 150
114 152 116 155
114 160 116 163
114 168 116 171
114 181 116 184
114 192 116 195
114 224 116 227
115 31 117 34
115 89 117 92
115 93 117 96
115 99 117 102
115 128 117 131
115 173 117 176
115 228 117 231
115 233 117 236
116 17 118 20
116 21 118 24
116 41 118 44
116 64 118 67
116 71 118 74
116 81 118 84
116 85 118 88
116 114 118 117
116 119 118 122
116 124 118 127
116 141 118 144
116 156 118 159
116 206 118 209
116 218 118 221
116 237 118 240
116 242 118 245
116 246 118 249
117 1 119 4
117 7 119 10
117 12 119 15
117 46 119 49
117 56 119 59
117 75 119 78
117 108 119 111
117 145 119 148
117 150 119 153
117 161 119 164
117 177 119 180
117 191 119 194
117 211 119 214
117 222 119 225
118 26 120 29
118 100 120 103
118 128 120 131
118 167 120 170
118 171 120 174
118 226 120 229
119 33 121 36
119 40 121 43
119 66 121 69
119 80 121 83
119 84 121 87
119 89 121 92
119 93 121 96
119 104 121 107
119 112 121 115
119 122 121 125
119 182 121 185
119 203 121 206
119 217 121 220
119 235 121 238
119 239 121 242
119 243 121 246
119 247 121 250
120 5 122 8
120 9 122 12
120 53 122 56
120 57 122 60
120 70 122 73
120 76 122 79
120 139 122 142
120 153 122 156
120 193 122 196
120 198 122 201
120 209 122 212
121 24 123 27
121 44 123 47
121 98 123 101
121 116 123 119
121 127 123 130
121 132 123 135
121 143 123 146
121 157 123 160
121 167 123 170
121 171 123 174
121 225 123 228
121 229 123 232
122 13 124 16
122 20 124 23
122 30 124 33
122 34 124 37
122 38 124 41
122 80 124 83
122 86 124 89
122 106 124 109
122 110 124 113
122 120 124 123
122 162 124 165
122 180 124 183
122 220 124 223
122 233 124 236
122 237 124 240
122 245 124 248
122 249 124 252
123 0 125 3
123 5 125 8
123 9 125 12
123 50 125 53
123 54 125 57
123 61 125 64
123 66 125 69
123 72 125 75
123 90 125 93
123 150 125 153
123 188 125 191
123 192 125 195
123 200 125 203
123 208 125 211
123 212 125 215
123 216 125 219
124 25 126 28
124 99 126 102
124 116 126 119
124 124 126 127
124 128 126 131
124 137 126 140
124 141 126 144
124 154 126 157
125 17 127 20
125 29 127 32
125 41 127 44
125 80 127 83
125 94 127 97
125 104 127 107
125 108 127 111
125 145 127 148
125 166 127 169
125 171 127 174
125 175 127 178
125 179 127 182
125 196 127 199
125 220 127 223
125 229 127 232
125 234 127 237
125 242 127 245
126 4 128 7
126 12 128 15
126 21 128 24
126 36 128 39
126 45 128 48
126 49 128 52
126 56 128 59
126 61 128 64
126 70 128 73
126 74 128 77
126 133 128 136
126 158 128 161
126 190 128 193
126 203 128 206
126 207 128 210
126 211 128 214
126 246 128 249
127 65 129 68
127 89 129 92
127 98 129 101
127 115 129 118
127 124 129 127
127 138 129 141
127 186 129 189
128 17 130 20
128 29 130 32
128 82 130 85
128 104 130 107
128 108 130 111
128 120 130 123
128 128 130 131
128 146 130 149
128 169 130 172
128 182 130 185
128 197 130 200
128 222 130 225
128 227 130 230
128 234 130 237
128 238 130 241
129 1 131 4
129 11 131 14
129 40 131 43
129 47 131 50
129 57 131 60
129 69 131 72
129 73 131 76
129 133 131 136
129 150 131 153
129 157 131 160
129 162 131 165
129 178 131 181
129 207 131 210
129 242 131 245
129 247 131 250
130 7 132 10
130 35 132 38
130 90 132 93
130 96 132 99
130 100 132 103
130 115 132 118
130 191 132 194
131 21 133 24
131 51 133 54
131 61 133 64
131 65 133 68
131 80 133 83
131 86 133 89
131 109 133 112
131 125 133 128
131 137 133 140
131 145 133 148
131 171 133 174
131 186 133 189
131 195 133 198
131 200 133 203
131 213 133 216
131 223 133 226
132 0 134 3
132 15 134 18
132 30 134 33
132 42 134 45
132 73 134 76
132 119 134 122
132 132 134 135
132 141 134 144
132 152 134 155
132 156 134 159
132 161 134 164
132 175 134 178
132 204 134 207
132 208 134 211
132 217 134 220
132 229 134 232
132 234 134 237
132 243 134 246
133 5 135 8
133 9 135 12
133 37 135 40
133 97 135 100
133 103 135 106
133 247 135 250
134 21 136 24
134 50 136 53
134 62 136 65
134 68 136 71
134 78 136 81
134 86 136 89
134 107 136 110
134 125 136 128
134 136 136 139
134 147 136 150
134 171 136 174
134 191 136 194
134 213 136 216
134 222 136 225
135 17 137 20
135 32 137 35
135 43 137 46
135 54 137 57
135 72 137 75
135 111 137 114
135 115 137 118
135 121 137 124
135 131 137 134
135 140 137 143
135 156 137 159
135 160 137 163
135 177 137 180
135 184 137 187
135 207 137 210
135 230 137 233
135 235 137 238
136 5 138 8
136 11 138 14
136 28 138 31
136 36 138 39
136 94 138 97
136 99 138 102
136 103 138 106
136 152 138 155
136 164 138 167
136 195 138 198
136 200 138 203
136 245 138 248
137 24 139 27
137 47 139 50
137 63 139 66
137 68 139 71
137 76 139 79
137 90 139 93
137 107 139 110
137 144 139 147
137 169 139 172
137 216 139 219
137 226 139 229
137 239 139 242
138 19 140 22
138 32 140 35
138 40 140 43
138 55 140 58
138 120 140 123
138 130 140 133
138 159 140 162
138 173 140 176
138 178 140 181
138 186 140 189
138 205 140 208
138 220 140 223
138 230 140 233
138 235 140 238
139 9 141 12
139 83 141 86
139 114 141 117
139 126 141 129
139 134 141 137
139 165 141 168
139 190 141 193
139 194 141 197
139 201 141 204
139 209 141 212
139 245 141 248
140 2 142 5
140 14 142 17
140 23 142 26
140 49 142 52
140 60 142 63
140 66 142 69
140 74 142 77
140 105 142 108
140 142 142 145
140 239 142 242
141 37 143 40
141 44 143 47
141 54 143 57
141 70 143 73
141 87 143 90
141 92 143 95
141 96 143 99
141 118 143 121
141 130 143 133
141 157 143 160
141 176 143 179
141 180 143 183
141 205 143 208
141 213 143 216
141 217 143 220
141 222 143 225
141 233 143 236
142 27 144 30
142 32 144 35
142 81 144 84
142 101 144 104
142 124 144 127
142 150 144 153
142 162 144 165
142 168 144 171
142 190 144 193
142 199 144 202
142 246 144 249
143 10 145 13
143 19 145 22
143 50 145 53
143 106 145 109
143 112 145 115
143 137 145 140
143 143 145 146
143 209 145 212
143 227 145 230
143 241 145 244
144 23 146 26
144 38 146 41
144 42 146 45
144 46 146 49
144 68 146 71
144 75 146 78
144 96 146 99
144 116 146 119
144 128 146 131
144 155 146 158
144 182 146 185
144 203 146 206
144 217 146 220
144 222 146 225
144 236 146 239
145 0 147 3
145 4 147 7
145 27 147 30
145 33 147 36
145 55 147 58
145 59 147 62
145 80 147 83
145 84 147 87
145 89 147 92
145 102 147 105
145 133 147 136
145 149 147 152
145 177 147 180
145 190 147 193
145 194 147 197
145 245 147 248
146 8 148 11
146 13 148 16
146 51 148 54
146 63 148 66
146 121 148 124
146 137 148 140
146 141 148 144
146 160 148 163
146 168 148 171
146 199 148 202
146 207 148 210
146 227 148 230
146 240 148 243
147 18 149 21
147 22 149 25
147 38 149 41
147 76 149 79
147 96 149 99
147 107 149 110
147 111 149 114
147 117 149 120
147 127 149 130
147 145 149 148
147 153 149 156
147 164 149 167
147 183 149 186
147 203 149 206
147 211 149 214
147 221 149 224
148 2 150 5
148 28 150 31
148 44 150 47
148 67 150 70
148 71 150 74
148 85 150 88
148 89 150 92
148 100 150 103
148 149 150 152
148 177 150 180
148 191 150 194
148 215 150 218
148 244 150 247
149 13 151 16
149 48 151 51
149 121 151 124
149 138 151 141
149 158 151 161
149 169 151 172
149 199 151 202
149 226 151 229
149 248 151 251
150 7 152 10
150 17 152 20
150 35 152 38
150 53 152 56
150 59 152 62
150 63 152 66
150 76 152 79
150 108 152 111
150 112 152 115
150 127 152 130
150 132 152 135
150 181 152 184
150 186 152 189
150 221 152 224
150 230 152 233
150 234 152 237
151 1 153 4
151 28 153 31
151 85 153 88
151 91 153 94
151 99 153 102
151 117 153 120
151 142 153 145
151 146 153 149
151 154 153 157
151 173 153 176
151 195 153 198
151 203 153 206
151 207 153 210
151 211 153 214
151 238 153 241
151 242 153 245
152 11 154 14
152 67 154 70
152 123 154 126
152 136 154 139
152 161 154 164
152 249 154 252
153 5 155 8
153 18 155 21
153 22 155 25
153 32 155 35
153 44 155 47
153 48 155 51
153 52 155 55
153 62 155 65
153 130 155 133
153 150 155 153
153 167 155 170
153 184 155 187
153 215 155 218
153 226 155 229
153 230 155 233
154 40 156 43
154 57 156 60
154 73 156 76
154 77 156 80
154 82 156 85
154 87 156 90
154 91 156 94
154 95 156 98
154 114 156 117
154 118 156 121
154 140 156 143
154 144 156 147
154 156 156 159
154 172 156 175
154 191 156 194
154 195 156 198
154 200 156 203
154 222 156 225
154 239 156 242
155 108 157 111
155 124 157 127
155 176 157 179
155 204 157 207
155 210 157 213
155 248 157 251
156 2 158 5
156 7 158 10
156 22 158 25
156 34 158 37
156 63 158 66
156 69 158 72
156 128 158 131
156 150 158 153
156 166 158 169
156 184 158 187
156 215 158 218
156 226 158 229
156 235 158 238
157 11 159 14
157 38 159 41
157 46 159 49
157 53 159 56
157 73 159 76
157 84 159 87
157 132 159 135
157 143 159 146
157 154 159 157
157 158 159 161
157 162 159 165
157 193 159 196
157 222 159 225
157 239 159 242
158 16 160 19
158 27 160 30
158 58 160 61
158 96 160 99
158 105 160 108
158 110 160 113
158 114 160 117
158 123 160 126
158 137 160 140
158 172 160 175
158 178 160 181
158 189 160 192
158 198 160 201
158 202 160 205
158 207 160 210
159 3 161 6
159 22 161 25
159 34 161 37
159 42 161 45
159 69 161 72
159 148 161 151
159 166 161 169
159 185 161 188
159 211 161 214
159 215 161 218
159 230 161 233
159 235 161 238
160 10 162 13
160 54 162 57
160 62 162 65
160 73 162 76
160 79 162 82
160 86 162 89
160 90 162 93
160 131 162 134
160 143 162 146
160 156 162 159
160 160 162 163
161 17 163 20
161 28 163 31
161 47 163 50
161 96 163 99
161 101 163 104
161 105 163 108
161 115 163 118
161 127 163 130
161 170 163 173
161 175 163 178
161 191 163 194
161 196 163 199
161 200 163 203
161 222 163 225
161 249 163 252
162 1 164 4
162 6 164 9
162 21 164 24
162 32 164 35
162 40 164 43
162 58 164 61
162 66 164 69
162 111 164 114
162 120 164 123
162 165 164 168
162 182 164 185
162 204 164 207
162 210 164 213
162 227 164 230
162 233 164 236
162 240 164 243
163 11 165 14
163 76 165 79
163 80 165 83
163 86 165 89
163 131 165 134
163 139 165 142
163 145 165 148
163 160 165 163
163 217 165 220
164 15 166 18
164 44 166 47
164 51 166 54
164 90 166 93
164 100 166 103
164 105 166 108
164 116 166 119
164 169 166 172
164 194 166 197
164 223 166 226
165 2 167 5
165 7 167 10
165 24 167 27
165 28 167 31
165 37 167 40
165 57 167 60
165 61 167 64
165 67 167 70
165 94 167 97
165 125 167 128
165 135 167 138
165 149 167 152
165 156 167 159
165 164 167 167
165 173 167 176
165 180 167 183
165 190 167 193
165 201 167 204
165 208 167 211
165 228 167 231
165 238 167 241
166 11 168 14
166 82 168 85
166 109 168 112
166 214 168 217
166 218 168 221
166 242 168 245
167 48 169 51
167 52 169 55
167 75 169 78
167 86 169 89
167 100 169 103
167 104 169 107
167 144 169 147
167 169 169 172
167 185 169 188
167 195 169 198
167 248 169 251
168 6 170 9
168 25 170 28
168 33 170 36
168 37 170 40
168 57 170 60
168 67 170 70
168 91 170 94
168 96 170 99
168 115 170 118
168 123 170 126
168 135 170 138
168 164 170 167
168 173 170 176
168 203 170 206
168 222 170 225
168 233 170 236
169 12 171 15
169 42 171 45
169 110 171 113
169 128 171 131
169 140 171 143
169 158 171 161
169 189 171 192
169 213 171 216
169 229 171 232
169 242 171 245
170 53 172 56
170 85 172 88
170 100 172 103
170 106 172 109
170 119 172 122
170 146 172 149
170 168 172 171
170 195 172 198
170 199 172 202
170 208 172 211
171 1 173 4
171 6 173 9
171 26 173 29
171 36 173 39
171 57 173 60
171 63 173 66
171 68 173 71
171 75 173 78
171 90 173 93
171 134 173 137
171 152 173 155
171 221 173 224
171 246 173 249
172 15 174 18
172 19 174 22
172 44 174 47
172 81 174 84
172 96 174 99
172 112 174 115
172 126 174 129
172 156 174 159
172 160 174 163
172 176 174 179
172 183 174 186
172 189 174 192
172 216 174 219
172 227 174 230
172 232 174 235
172 240 174 243
173 50 175 53
173 85 175 88
173 103 175 106
173 118 175 121
173 130 175 133
173 141 175 144
173 146 175 149
173 170 175 173
173 194 175 197
173 198 175 201
173 208 175 211
173 212 175 215
174 2 176 5
174 9 176 12
174 24 176 27
174 32 176 35
174 37 176 40
174 57 176 60
174 70 176 73
174 75 176 78
174 108 176 111
174 136 176 139
174 150 176 153
174 165 176 168
174 222 176 225
174 248 176 251
175 18 177 21
175 44 177 47
175 61 177 64
175 80 177 83
175 114 177 117
175 156 177 159
175 181 177 184
175 185 177 188
175 216 177 219
175 226 177 229
175 232 177 235
175 237 177 240
175 241 177 244
176 65 178 68
176 84 178 87
176 102 178 105
176 122 178 125
176 127 178 130
176 174 178 177
176 190 178 193
176 196 178 199
176 203 178 206
177 5 179 8
177 13 179 16
177 32 179 35
177 36 179 39
177 40 179 43
177 53 179 56
177 72 179 75
177 95 179 98
177 107 179 110
177 134 179 137
177 139 179 142
177 144 179 147
177 149 179 152
177 160 179 163
177 210 179 213
177 221 179 224
177 247 179 250
178 22 180 25
178 26 180 29
178 44 180 47
178 48 180 51
178 60 180 63
178 164 180 167
178 180 180 183
178 185 180 188
178 227 180 230
178 234 180 237
178 238 180 241
178 243 180 246
179 9 181 12
179 77 181 80
179 82 181 85
179 117 181 120
179 122 181 125
179 126 181 129
179 153 181 156
179 193 181 196
179 197 181 200
179 201 181 204
180 2 182 5
180 31 182 34
180 37 182 40
180 52 182 55
180 64 182 67
180 71 182 74
180 86 182 89
180 97 182 100
180 101 182 104
180 108 182 111
180 143 182 146
180 147 182 150
180 158 182 161
180 176 182 179
180 211 182 214
180 215 182 218
181 17 183 20
181 22 183 25
181 43 183 46
181 48 183 51
181 57 183 60
181 91 183 94
181 139 183 142
181 165 183 168
181 186 183 189
181 207 183 210
181 222 183 225
181 244 183 247
182 12 184 15
182 77 184 80
182 82 184 85
182 114 184 117
182 120 184 123
182 125 184 128
182 130 184 133
182 151 184 154
182 190 184 193
182 198 184 201
182 228 184 231
182 240 184 243
183 3 185 6
183 26 185 29
183 36 185 39
183 69 185 72
183 86 185 89
183 99 185 102
183 107 185 110
183 144 185 147
183 159 185 162
183 214 185 217
183 232 185 235
184 8 186 11
184 18 186 21
184 40 186 43
184 49 186 52
184 54 186 57
184 58 186 61
184 65 186 68
184 73 186 76
184 139 186 142
184 183 186 186
184 209 186 212
184 219 186 222
184 224 186 227
184 244 186 247
184 248 186 251
185 12 187 15
185 77 187 80
185 95 187 98
185 113 187 116
185 132 187 135
185 149 187 152
185 187 187 190
185 201 187 204
186 22 188 25
186 27 188 30
186 31 188 34
186 81 188 84
186 88 188 91
186 109 188 112
186 126 188 129
186 160 188 163
186 166 188 169
186 170 188 173
186 174 188 177
186 214 188 217
186 240 188 243
187 0 189 3
187 39 189 42
187 47 189 50
187 51 189 54
187 58 189 61
187 101 189 104
187 122 189 125
187 137 189 140
187 141 189 144
187 145 189 148
187 178 189 181
187 183 189 186
187 191 189 194
187 218 189 221
187 231 189 234
187 247 189 250
188 6 190 9
188 15 190 18
188 62 190 65
188 72 190 75
188 77 190 80
188 92 190 95
188 130 190 133
188 152 190 155
188 198 190 201
188 202 190 205
188 206 190 209
189 31 191 34
189 66 191 69
189 87 191 90
189 112 191 115
189 116 191 119
189 126 191 129
189 165 191 168
189 171 191 174
189 235 191 238
189 242 191 245
190 41 192 44
190 45 192 48
190 49 192 52
190 53 192 56
190 81 192 84
190 107 192 110
190 134 192 137
190 139 192 142
190 147 192 150
190 178 192 181
190 187 192 190
190 191 192 194
190 216 192 219
190 220 192 223
190 227 192 230
191 21 193 24
191 72 193 75
191 92 193 95
191 97 193 100
191 143 193 146
191 155 193 158
191 199 193 202
191 208 193 211
192 15 194 18
192 25 194 28
192 30 194 33
192 58 194 61
192 66 194 69
192 87 194 90
192 111 194 114
192 125 194 128
192 160 194 163
192 166 194 169
192 204 194 207
192 233 194 236
192 240 194 243
192 248 194 251
193 9 195 12
193 35 195 38
193 40 195 43
193 46 195 49
193 52 195 55
193 104 195 107
193 115 195 118
193 121 195 124
193 129 195 132
193 147 195 150
193 172 195 175
193 176 195 179
193 180 195 183
193 195 195 198
193 214 195 217
193 222 195 225
194 2 196 5
194 19 196 22
194 71 196 74
194 76 196 79
194 95 196 98
194 140 196 143
194 152 196 155
194 200 196 203
194 227 196 230
195 61 197 64
195 87 197 90
195 91 197 94
195 133 197 136
195 156 197 159
195 160 197 163
195 166 197 169
195 186 197 189
195 235 197 238
195 241 197 244
196 15 198 18
196 37 198 40
196 43 198 46
196 52 198 55
196 80 198 83
196 101 198 104
196 117 198 120
196 124 198 127
196 146 198 149
196 176 198 179
196 195 198 198
196 205 198 208
196 216 198 219
196 246 198 249
197 1 199 4
197 5 199 8
197 10 199 13
197 19 199 22
197 23 199 26
197 29 199 32
197 56 199 59
197 107 199 110
197 129 199 132
197 141 199 144
197 151 199 154
197 209 199 212
197 228 199 231
198 47 200 50
198 62 200 65
198 68 200 71
198 86 200 89
198 90 200 93
198 95 200 98
198 133 200 136
198 156 200 159
198 161 200 164
198 165 200 168
198 185 200 188
198 200 200 203
198 221 200 224
198 238 200 241
199 39 201 42
199 43 201 46
199 77 201 80
199 100 201 103
199 121 201 124
199 125 201 128
199 170 201 173
199 177 201 180
199 194 201 197
199 205 201 208
199 213 201 216
199 217 201 220
199 232 201 235
199 242 201 245
200 6 202 9
200 10 202 13
200 14 202 17
200 22 202 25
200 26 202 29
200 52 202 55
200 82 202 85
200 105 202 108
200 111 202 114
200 116 202 119
200 142 202 145
200 151 202 154
200 189 202 192
200 246 202 249
201 30 203 33
201 35 203 38
201 47 203 50
201 62 203 65
201 66 203 69
201 158 203 161
201 164 203 167
201 184 203 187
201 198 203 201
201 209 203 212
201 223 203 226
201 237 203 240
202 39 204 42
202 77 204 80
202 86 204 89
202 91 204 94
202 121 204 124
202 168 204 171
202 172 204 175
202 178 204 181
202 218 204 221
202 230 204 233
202 241 204 244
203 3 205 6
203 9 205 12
203 53 205 56
203 73 205 76
203 81 205 84
203 98 205 101
203 106 205 109
203 113 205 116
203 128 205 131
203 133 205 136
203 139 205 142
203 146 205 149
203 194 205 197
203 246 205 249
204 16 206 19
204 35 206 38
204 43 206 46
204 48 206 51
204 60 206 63
204 64 206 67
204 68 206 71
204 117 206 120
204 151 206 154
204 159 206 162
204 182 206 185
204 186 206 189
204 200 206 203
204 209 206 212
204 236 206 239
205 77 207 80
205 85 207 88
205 102 207 105
205 121 207 124
205 170 207 173
205 204 207 207
206 4 208 7
206 9 208 12
206 20 208 23
206 25 208 28
206 52 208 55
206 72 208 75
206 89 208 92
206 98 208 101
206 109 208 112
206 113 208 116
206 131 208 134
206 135 208 138
206 139 208 142
206 175 208 178
206 192 208 195
206 213 208 216
206 217 208 220
206 221 208 224
206 230 208 233
207 13 209 16
207 32 209 35
207 47 209 50
207 62 209 65
207 67 209 70
207 127 209 130
207 155 209 158
207 162 209 165
207 182 209 185
207 188 209 191
207 235 209 238
208 102 210 105
208 119 210 122
208 150 210 153
208 201 210 204
209 4 211 7
209 36 211 39
209 73 211 76
209 78 211 81
209 87 211 90
209 95 211 98
209 106 211 109
209 114 211 117
209 123 211 126
209 131 211 134
209 135 211 138
209 172 211 175
209 196 211 199
209 212 211 215
209 229 211 232
209 240 211 243
209 244 211 247
210 16 212 19
210 23 212 26
210 46 212 49
210 54 212 57
210 59 212 62
210 66 212 69
210 139 212 142
210 154 212 157
210 165 212 168
210 176 212 179
210 181 212 184
210 188 212 191
210 205 212 208
210 235 212 238
210 249 212 252
211 8 213 11
211 27 213 30
211 31 213 34
211 50 213 53
211 110 213 113
211 119 213 122
211 143 213 146
211 159 213 162
211 218 213 221
211 225 213 228
212 2 214 5
212 37 214 40
212 41 214 44
212 72 214 75
212 80 214 83
212 96 214 99
212 150 214 153
212 171 214 174
212 198 214 201
212 209 214 212
212 239 214 242
212 243 214 246
213 12 215 15
213 16 215 19
213 57 215 60
213 64 215 67
213 68 215 71
213 136 215 139
213 154 215 157
213 164 215 167
213 175 215 178
213 190 215 193
213 232 215 235
214 6 216 9
214 21 216 24
214 30 216 33
214 76 216 79
214 92 216 95
214 100 216 103
214 104 216 107
214 110 216 113
214 117 216 120
214 124 216 127
214 128 216 131
214 140 216 143
214 144 216 147
214 213 216 216
214 221 216 224
214 225 216 228
215 0 217 3
215 26 217 29
215 37 217 40
215 47 217 50
215 132 217 135
215 150 217 153
215 158 217 161
215 170 217 173
215 181 217 184
215 186 217 189
215 204 217 207
215 236 217 239
215 242 217 245
215 249 217 252
216 15 218 18
216 66 218 69
216 70 218 73
216 85 218 88
216 96 218 99
216 163 218 166
216 176 218 179
216 191 218 194
216 199 218 202
216 209 218 212
216 229 218 232
217 4 219 7
217 19 219 22
217 57 219 60
217 75 219 78
217 92 219 95
217 100 219 103
217 107 219 110
217 113 219 116
217 122 219 125
217 126 219 129
217 139 219 142
217 143 219 146
217 216 219 219
217 225 219 228
218 23 220 26
218 32 220 35
218 79 220 82
218 130 220 133
218 159 220 162
218 182 220 185
218 204 220 207
218 237 220 240
218 247 220 250
219 0 221 3
219 12 221 15
219 27 221 30
219 36 221 39
219 40 221 43
219 44 221 47
219 53 221 56
219 61 221 64
219 96 221 99
219 148 221 151
219 167 221 170
219 178 221 181
219 187 221 190
219 209 221 212
219 243 221 246
220 7 222 10
220 57 222 60
220 70 222 73
220 85 222 88
220 111 222 114
220 115 222 118
220 126 222 129
220 141 222 144
220 153 222 156
220 171 222 174
220 223 222 226
221 19 223 22
221 32 223 35
221 76 223 79
221 103 223 106
221 107 223 110
221 133 223 136
221 182 223 185
221 191 223 194
221 201 223 204
221 227 223 230
221 248 223 251
222 13 224 16
222 24 224 27
222 28 224 31
222 36 224 39
222 42 224 45
222 53 224 56
222 61 224 64
222 65 224 68
222 81 224 84
222 89 224 92
222 93 224 96
222 98 224 101
222 159 224 162
222 166 224 169
222 186 224 189
222 207 224 210
222 214 224 217
222 236 224 239
222 241 224 244
223 0 225 3
223 9 225 12
223 46 225 49
223 112 225 115
223 118 225 121
223 124 225 127
223 128 225 131
223 151 225 154
223 195 225 198
223 221 225 224
224 19 226 22
224 70 226 73
224 85 226 88
224 102 226 105
224 144 226 147
224 170 226 173
224 179 226 182
224 191 226 194
224 201 226 204
224 230 226 233
224 249 226 252
225 27 227 30
225 31 227 34
225 38 227 41
225 50 227 53
225 56 227 59
225 93 227 96
225 98 227 101
225 139 227 142
225 158 227 161
225 162 227 165
225 174 227 177
225 186 227 189
225 207 227 210
225 212 227 215
225 235 227 238
225 239 227 242
226 61 228 64
226 106 228 109
226 110 228 113
226 121 228 124
226 127 228 130
226 166 228 169
226 197 228 200
226 244 228 247
227 7 229 10
227 16 229 19
227 20 229 23
227 42 229 45
227 66 229 69
227 72 229 75
227 114 229 117
227 148 229 151
227 152 229 155
227 181 229 184
227 248 229 251
228 25 230 28
228 29 230 32
228 46 230 49
228 55 230 58
228 77 230 80
228 81 230 84
228 89 230 92
228 96 230 99
228 157 230 160
228 162 230 165
228 176 230 179
228 185 230 188
228 190 230 193
228 209 230 212
228 219 230 222
228 231 230 234
228 238 230 241
229 1 231 4
229 33 231 36
229 38 231 41
229 60 231 63
229 104 231 107
229 109 231 112
229 120 231 123
229 129 231 132
229 139 231 142
229 214 231 217
230 5 232 8
230 50 232 53
230 69 232 72
230 100 232 103
230 133 232 136
230 151 232 154
230 168 232 171
230 172 232 175
230 181 232 184
230 198 232 201
230 205 232 208
230 223 232 226
230 243 232 246
231 12 233 15
231 18 233 21
231 25 233 28
231 54 233 57
231 64 233 67
231 73 233 76
231 86 233 89
231 143 233 146
231 163 233 166
231 176 233 179
231 187 233 190
231 191 233 194
231 228 233 231
231 232 233 235
232 0 234 3
232 30 234 33
232 37 234 40
232 42 234 45
232 80 234 83
232 91 234 94
232 105 234 108
232 112 234 115
232 122 234 125
232 137 234 140
232 212 234 215
232 247 234 250
233 5 235 8
233 46 235 49
233 58 235 61
233 96 235 99
233 127 235 130
233 151 235 154
233 167 235 170
233 180 235 183
233 198 235 201
233 202 235 205
233 206 235 209
233 218 235 221
233 223 235 226
233 239 235 242
234 12 236 15
234 17 236 20
234 51 236 54
234 62 236 65
234 73 236 76
234 85 236 88
234 131 236 134
234 143 236 146
234 174 236 177
234 184 236 187
234 188 236 191
234 233 236 236
235 24 237 27
235 28 237 31
235 37 237 40
235 77 237 80
235 81 237 84
235 101 237 104
235 105 237 108
235 110 237 113
235 122 237 125
235 136 237 139
235 158 237 161
235 193 237 196
235 210 237 213
235 245 237 248
235 249 237 252
236 3 238 6
236 114 238 117
236 118 238 121
236 150 238 153
236 162 238 165
236 170 238 173
236 199 238 202
236 215 238 218
236 220 238 223
236 224 238 227
236 229 238 232
236 237 238 240
237 14 239 17
237 32 239 35
237 56 239 59
237 65 239 68
237 70 239 73
237 85 239 88
237 90 239 93
237 95 239 98
237 130 239 133
237 143 239 146
237 166 239 169
237 176 239 179
237 206 239 209
238 25 240 28
238 37 240 40
238 43 240 46
238 61 240 64
238 102 240 105
238 109 240 112
238 156 240 159
238 182 240 185
238 187 240 190
238 245 240 248
239 4 241 7
239 10 241 13
239 50 241 53
239 75 241 78
239 80 241 83
239 114 241 117
239 118 241 121
239 135 241 138
239 148 241 151
239 162 241 165
239 201 241 204
239 215 241 218
239 239 241 242
240 14 242 17
240 29 242 32
240 56 242 59
240 84 242 87
240 88 242 91
240 97 242 100
240 131 242 134
240 172 242 175
240 191 242 194
240 223 242 226
241 33 243 36
241 41 243 44
241 60 243 63
241 67 243 70
241 93 243 96
241 103 243 106
241 123 243 126
241 141 243 144
241 176 243 179
241 180 243 183
241 184 243 187
241 233 243 236
241 248 243 251
242 3 244 6
242 10 244 13
242 20 244 23
242 25 244 28
242 45 244 48
242 72 244 75
242 78 244 81
242 113 244 116
242 136 244 139
242 145 244 148
242 150 244 153
242 156 244 159
242 161 244 164
242 195 244 198
242 200 244 203
242 205 244 208
242 211 244 214
242 229 244 232
242 237 244 240
242 241 244 244
243 49 245 52
243 117 245 120
243 131 245 134
243 219 245 222
244 16 246 19
244 31 246 34
244 53 246 56
244 58 246 61
244 64 246 67
244 83 246 86
244 94 246 97
244 98 246 101
244 102 246 105
244 109 246 112
244 176 246 179
244 184 246 187
244 245 246 248
245 1 247 4
245 11 247 14
245 20 247 23
245 39 247 42
245 71 247 74
245 87 247 90
245 113 247 116
245 137 247 140
245 142 247 145
245 146 247 149
245 158 247 161
245 165 247 168
245 170 247 173
245 180 247 183
245 188 247 191
245 193 247 196
245 200 247 203
245 210 247 213
245 215 247 218
245 227 247 230
245 234 247 237
245 239 247 242
246 5 248 8
246 43 248 46
246 48 248 51
246 76 248 79
246 121 248 124
246 126 248 129
246 223 248 226
246 249 248 252
247 27 249 30
247 34 249 37
247 52 249 55
247 58 249 61
247 65 249 68
247 80 249 83
247 91 249 94
247 101 249 104
247 108 249 111
247 204 249 207
248 15 250 18
248 39 250 42
248 86 250 89
248 112 250 115
248 116 250 119
248 131 250 134
248 136 250 139
248 155 250 158
248 160 250 163
248 164 250 167
248 173 250 176
248 177 250 180
248 181 250 184
248 186 250 189
248 191 250 194
248 195 250 198
248 214 250 217
248 233 250 236
248 238 250 241
249 7 251 10
249 43 251 46
249 73 251 76
249 120 251 123
249 126 251 129
249 169 251 172
249 200 251 203
250 0 252 3
250 28 252 31
250 32 252 35
250 53 252 56
250 58 252 61
250 65 252 68
250 79 252 82
250 91 252 94
250 95 252 98
250 103 252 106
250 143 252 146
250 205 252 208
250 222 252 225
250 226 252 229
250 242 252 245
250 247 252 250
251 14 253 17
251 69 253 72
251 83 253 86
251 108 253 111
251 112 253 115
251 137 253 140
251 155 253 158
251 163 253 166
251 175 253 178
251 183 253 186
251 190 253 193
251 209 253 212
251 214 253 217
251 233 253 236
252 6 254 9
252 19 254 22
252 75 254 78
252 99 254 102
252 117 254 120
252 132 254 135
252 147 254 150
252 159 254 162
252 169 254 172
252 200 254 203
253 24 255 27
253 34 255 37
253 40 255 43
253 56 255 59
253 62 255 65
253 88 255 91
253 123 255 126
253 127 255 130
253 143 255 146
253 194 255 197
254 0 256 3
254 14 256 17
254 29 256 32
254 47 256 50
254 66 256 69
254 79 256 82
254 92 256 95
254 104 256 107
254 152 256 155
254 173 256 176
254 179 256 182
254 184 256 187
254 206 256 209
254 230 256 233
255 4 257 7
255 8 257 11
255 19 257 22
255 51 257 54
255 73 257 76
255 97 257 100
255 114 257 117
255 135 257 138
255 163 257 166
255 168 257 171
255 188 257 191
255 199 257 202
255 210 257 213
255 220 257 223
255 241 257 244
255 247 257 250
256 55 258 58
256 60 258 63
256 120 258 123
256 124 258 127
256 130 258 133
256 140 258 143
256 224 258 227
256 235 258 238
257 13 259 16
257 24 259 27
257 41 259 44
257 80 259 83
257 85 259 88
257 102 259 105
257 110 259 113
257 145 259 148
257 177 259 180
257 192 259 195
257 203 259 206
257 229 259 232
258 31 260 34
258 37 260 40
258 46 260 49
258 71 260 74
258 160 260 163
258 196 260 199
258 208 260 211
258 212 260 215
258 240 260 243
259 3 261 6
259 20 261 23
259 58 261 61
259 62 261 65
259 96 261 99
259 120 261 123
259 129 261 132
259 133 261 136
259 139 261 142
259 154 261 157
259 168 261 171
259 183 261 186
259 187 261 190
259 217 261 220
259 223 261 226
259 249 261 252
260 76 262 79
260 91 262 94
260 103 262 106
260 112 262 115
260 124 262 127
260 144 262 147
260 150 262 153
260 164 262 167
260 175 262 178
260 202 262 205
260 230 262 233
261 8 263 11
261 28 263 31
261 35 263 38
261 39 263 42
261 43 263 46
261 53 263 56
261 71 263 74
261 80 263 83
261 158 263 161
261 192 263 195
261 211 263 214
261 236 263 239
262 13 264 16
262 17 264 20
262 21 264 24
262 57 264 60
262 61 264 64
262 95 264 98
262 107 264 110
262 116 264 119
262 120 264 123
262 130 264 133
262 140 264 143
262 171 264 174
262 183 264 186
262 215 264 218
262 222 264 225
263 0 265 3
263 84 265 87
263 89 265 92
263 99 265 102
263 145 265 148
263 162 265 165
263 175 265 178
263 187 265 190
263 201 265 204
263 226 265 229
263 230 265 233
263 248 265 251
264 25 266 28
264 32 266 35
264 38 266 41
264 43 266 46
264 51 266 54
264 75 266 78
264 111 266 114
264 124 266 127
264 154 266 157
264 166 266 169
264 206 266 209
264 210 266 213
264 236 266 239
265 18 267 21
265 93 267 96
265 106 267 109
265 119 267 122
265 129 267 132
265 135 267 138
265 141 267 144
265 149 267 152
265 171 267 174
265 196 267 199
265 214 267 217
265 218 267 221
266 3 268 6
266 10 268 13
266 57 268 60
266 69 268 72
266 98 268 101
266 158 268 161
266 181 268 184
266 185 268 188
266 200 268 203
266 223 268 226
266 232 268 235
266 241 268 244
267 14 269 17
267 24 269 27
267 35 269 38
267 49 269 52
267 53 269 56
267 64 269 67
267 73 269 76
267 78 269 81
267 82 269 85
267 86 269 89
267 114 269 117
267 164 269 167
267 190 269 193
267 207 269 210
267 236 269 239
268 20 270 23
268 30 270 33
268 39 270 42
268 90 270 93
268 109 270 112
268 122 270 125
268 128 270 131
268 132 270 135
268 136 270 139
268 152 270 155
268 168 270 171
268 196 270 199
268 217 270 220
269 1 271 4
269 68 271 71
269 94 271 97
269 99 271 102
269 104 271 107
269 118 271 121
269 140 271 143
269 157 271 160
269 178 271 181
269 203 271 206
269 212 271 215
270 9 272 12
270 24 272 27
270 46 272 49
270 53 272 56
270 59 272 62
270 64 272 67
270 82 272 85
270 147 272 150
270 163 272 166
270 184 272 187
270 188 272 191
270 221 272 224
270 225 272 228
270 230 272 233
270 236 272 239
270 241 272 244
271 28 273 31
271 32 273 35
271 37 273 40
271 74 273 77
271 88 273 91
271 130 273 133
271 152 273 155
271 167 273 170
271 194 273 197
271 198 273 201
272 1 274 4
272 69 274 72
272 92 274 95
272 135 274 138
272 172 274 175
272 207 274 210
272 211 274 214
273 5 275 8
273 11 275 14
273 15 275 18
273 21 275 24
273 78 275 81
273 82 275 85
273 98 275 101
273 102 275 105
273 106 275 109
273 110 275 113
273 126 275 129
273 139 275 142
273 156 275 159
273 189 275 192
273 222 275 225
273 226 275 229
273 233 275 236
273 247 275 250
274 27 276 30
274 38 276 41
274 48 276 51
274 60 276 63
274 152 276 155
274 160 276 163
274 180 276 183
274 194 276 197
274 240 276 243
275 42 277 45
275 65 277 68
275 73 277 76
275 115 277 118
275 119 277 122
275 146 277 149
275 169 277 172
275 205 277 208
276 5 278 8
276 15 278 18
276 23 278 26
276 31 278 34
276 56 278 59
276 80 278 83
276 84 278 87
276 103 278 106
276 108 278 111
276 124 278 127
276 129 278 132
276 138 278 141
276 165 278 168
276 184 278 187
276 190 278 193
276 210 278 213
276 218 278 221
276 230 278 233
276 234 278 237
276 245 278 248
276 249 278 252
277 1 279 4
277 19 279 22
277 27 279 30
277 48 279 51
277 150 279 153
277 177 279 180
277 199 279 202
277 238 279 241
278 40 280 43
278 61 280 64
278 66 280 69
278 76 280 79
278 96 280 99
278 112 280 115
278 145 280 148
278 158 280 161
278 173 280 176
278 226 280 229
279 8 281 11
279 12 281 15
279 23 281 26
279 54 281 57
279 86 281 89
279 104 281 107
279 123 281 126
279 128 281 131
279 133 281 136
279 163 281 166
279 167 281 170
279 185 281 188
279 194 281 197
279 204 281 207
279 215 281 218
279 222 281 225
279 242 281 245
280 0 282 3
280 28 282 31
280 34 282 37
280 46 282 49
280 70 282 73
280 100 282 103
280 119 282 122
280 150 282 153
280 154 282 157
280 189 282 192
280 237 282 240
280 246 282 249
281 17 283 20
281 39 283 42
281 50 283 53
281 59 283 62
281 75 283 78
281 79 283 82
281 92 283 95
281 112 283 115
281 177 283 180
281 181 283 184
281 210 283 213
281 233 283 236
282 11 284 14
282 84 284 87
282 88 284 91
282 104 284 107
282 123 284 126
282 137 284 140
282 141 284 144
282 158 284 161
282 172 284 175
282 200 284 203
282 206 284 209
282 241 284 244
283 32 285 35
283 46 285 49
283 65 285 68
283 116 285 119
283 131 285 134
283 167 285 170
283 185 285 188
283 195 285 198
283 222 285 225
283 227 285 230
284 0 286 3
284 5 286 8
284 15 286 18
284 19 286 22
284 78 286 81
284 97 286 100
284 145 286 148
284 177 286 180
284 181 286 184
284 211 286 214
284 215 286 218
284 234 286 237
284 249 286 252
285 9 287 12
285 55 287 58
285 59 287 62
285 82 287 85
285 92 287 95
285 102 287 105
285 109 287 112
285 138 287 141
285 157 287 160
285 191 287 194
285 200 287 203
285 205 287 208
285 238 287 241
285 242 287 245
286 27 288 30
286 33 288 36
286 37 288 40
286 46 288 49
286 86 288 89
286 124 288 127
286 128 288 131
286 132 288 135
286 150 288 153
286 171 288 174
286 196 288 199
286 222 288 225
286 230 288 233
287 2 289 5
287 21 289 24
287 64 289 67
287 68 289 71
287 75 289 78
287 118 289 121
287 163 289 166
287 176 289 179
287 187 289 190
287 218 289 221
287 249 289 252
288 6 290 9
288 11 290 14
288 17 290 20
288 42 290 45
288 51 290 54
288 80 290 83
288 94 290 97
288 102 290 105
288 136 290 139
288 141 290 144
288 157 290 160
288 182 290 185
288 191 290 194
288 201 290 204
288 213 290 216
288 226 290 229
288 238 290 241
289 27 291 30
289 47 291 50
289 84 291 87
289 88 291 91
289 109 291 112
289 124 291 127
289 129 291 132
289 152 291 155
289 172 291 175
289 208 291 211
289 243 291 246
290 1 292 4
290 21 292 24
290 31 292 34
290 35 292 38
290 56 292 59
290 67 292 70
290 72 292 75
290 117 292 120
290 161 292 164
290 221 292 224
290 233 292 236
290 247 292 250
291 9 293 12
291 61 293 64
291 113 293 116
291 137 293 140
291 144 293 147
291 157 293 160
291 167 293 170
291 176 293 179
291 180 293 183
291 198 293 201
291 214 293 217
292 25 294 28
292 40 294 43
292 44 294 47
292 79 294 82
292 83 294 86
292 90 294 93
292 98 294 101
292 122 294 125
292 126 294 129
292 130 294 133
292 149 294 152
292 184 294 187
292 189 294 192
292 202 294 205
292 225 294 228
292 237 294 240
292 241 294 244
293 29 295 32
293 33 295 36
293 56 295 59
293 65 295 68
293 71 295 74
293 75 295 78
293 107 295 110
293 210 295 213
293 232 295 235
293 248 295 251
294 10 296 13
294 52 296 55
294 102 296 105
294 114 296 117
294 134 296 137
294 143 296 146
294 162 296 165
294 168 296 171
294 179 296 182
294 193 296 196
294 216 296 219
295 25 297 28
295 37 297 40
295 43 297 46
295 80 297 83
295 91 297 94
295 96 297 99
295 120 297 123
295 129 297 132
295 148 297 151
295 183 297 186
295 202 297 205
295 220 297 223
295 240 297 243
295 244 297 247
296 14 298 17
296 19 298 22
296 29 298 32
296 47 298 50
296 58 298 61
296 70 298 73
296 75 298 78
296 86 298 89
296 107 298 110
296 139 298 142
296 158 298 161
296 173 298 176
297 7 299 10
297 65 299 68
297 144 299 147
297 153 299 156
297 162 299 165
297 189 299 192
297 195 299 198
297 209 299 212
297 224 299 227
297 236 299 239
297 249 299 252
298 23 300 26
298 38 300 41
298 90 300 93
298 98 300 101
298 111 300 114
298 119 300 122
298 128 300 131
298 133 300 136
298 148 300 151
298 184 300 187
298 202 300 205
298 232 300 235
298 241 300 244
299 12 301 15
299 19 301 22
299 27 301 30
299 31 301 34
299 46 301 49
299 50 301 53
299 54 301 57
299 61 301 64
299 69 301 72
299 73 301 76
299 79 301 82
299 84 301 87
299 94 301 97
299 137 301 140
299 171 301 174
299 176 301 179
299 245 301 248
300 0 302 3
300 4 302 7
300 42 302 45
300 102 302 105
300 124 302 127
300 152 302 155
300 166 302 169
300 190 302 193
300 195 302 198
300 206 302 209
300 211 302 214
300 215 302 218
300 219 302 222
300 223 302 226
301 35 303 38
301 88 303 91
301 114 303 117
301 148 303 151
301 182 303 185
301 227 303 230
301 237 303 240
301 241 303 244
302 8 304 11
302 12 304 15
302 16 304 19
302 21 304 24
302 26 304 29
302 50 304 53
302 56 304 59
302 61 304 64
302 69 304 72
302 79 304 82
302 94 304 97
302 106 304 109
302 156 304 159
302 160 304 163
302 174 304 177
302 201 304 204
302 249 304 252
303 31 305 34
303 45 305 48
303 74 305 77
303 99 305 102
303 110 305 113
303 123 305 126
303 133 305 136
303 178 305 181
303 190 305 193
303 212 305 215
303 217 305 220
303 231 305 234
303 245 305 248
304 0 306 3
304 39 306 42
304 88 306 91
304 116 306 119
304 127 306 130
304 140 306 143
304 144 306 147
304 149 306 152
304 167 306 170
304 182 306 185
304 205 306 208
304 226 306 229
304 238 306 241
305 25 307 28
305 51 307 54
305 55 307 58
305 62 307 65
305 68 307 71
305 78 307 81
305 92 307 95
305 104 307 107
305 154 307 157
305 162 307 165
305 197 307 200
306 9 308 12
306 18 308 21
306 29 308 32
306 33 308 36
306 45 308 48
306 72 308 75
306 82 308 85
306 110 308 113
306 132 308 135
306 136 308 139
306 158 308 161
306 178 308 181
306 187 308 190
306 209 308 212
306 218 308 221
306 234 308 237
307 39 309 42
307 86 309 89
307 98 309 101
307 119 309 122
307 125 309 128
307 141 309 144
307 149 309 152
307 167 309 170
307 173 309 176
307 183 309 186
307 192 309 195
307 203 309 206
307 224 309 227
307 230 309 233
307 238 309 241
308 0 310 3
308 13 310 16
308 22 310 25
308 52 310 55
308 57 310 60
308 65 310 68
308 91 310 94
308 103 310 106
308 162 310 165
308 196 310 199
308 242 310 245
308 246 310 249
309 8 311 11
309 18 311 21
309 32 311 35
309 43 311 46
309 47 311 50
309 74 311 77
309 78 311 81
309 107 311 110
309 111 311 114
309 158 311 161
309 179 311 182
309 207 311 210
309 234 311 237
310 61 312 64
310 82 312 85
310 98 312 101
310 125 312 128
310 132 312 135
310 136 312 139
310 154 312 157
310 167 312 170
310 187 312 190
310 192 312 195
310 200 312 203
310 211 312 214
310 229 312 232
311 0 313 3
311 13 313 16
311 36 313 39
311 52 313 55
311 65 313 68
311 70 313 73
311 87 313 90
311 91 313 94
311 102 313 105
311 117 313 120
311 140 313 143
311 145 313 148
311 162 313 165
311 183 313 186
311 219 313 222
311 223 313 226
311 246 313 249
312 6 314 9
312 27 314 30
312 44 314 47
312 109 314 112
312 121 314 124
312 171 314 174
312 235 314 238
313 19 315 22
313 32 315 35
313 57 315 60
313 74 315 77
313 81 315 84
313 125 315 128
313 132 315 135
313 136 315 139
313 149 315 152
313 153 315 156
313 157 315 160
313 175 315 178
313 187 315 190
313 191 315 194
313 202 315 205
313 209 315 212
313 213 315 216
313 227 315 230
313 231 315 234
313 240 315 243
314 1 316 4
314 10 316 13
314 49 316 52
314 53 316 56
314 63 316 66
314 67 316 70
314 89 316 92
314 95 316 98
314 99 316 102
314 116 316 119
314 140 316 143
314 163 316 166
314 183 316 186
314 198 316 201
314 218 316 221
314 247 316 250
315 24 317 27
315 36 317 39
315 41 317 44
315 105 317 108
315 120 317 123
315 168 317 171
315 235 317 238
316 5 318 8
316 20 318 23
316 28 318 31
316 58 318 61
316 73 318 76
316 81 318 84
316 85 318 88
316 124 318 127
316 135 318 138
316 146 318 149
316 172 318 175
316 176 318 179
316 190 318 193
316 194 318 197
316 213 318 216
316 224 318 227
317 15 319 18
317 51 319 54
317 65 319 68
317 101 319 104
317 111 319 114
317 141 319 144
317 163 319 166
317 183 319 186
317 203 319 206
317 207 319 210
317 217 319 220
317 231 319 234
317 241 319 244
318 45 320 48
318 69 320 72
318 89 320 92
318 95 320 98
318 107 320 110
318 120 320 123
318 128 320 131
318 150 320 153
318 157 320 160
318 168 320 171
319 1 321 4
319 5 321 8
319 25 321 28
319 29 321 32
319 61 321 64
319 75 321 78
319 79 321 82
319 136 321 139
319 172 321 175
319 177 321 180
319 191 321 194
319 195 321 198
319 223 321 226
319 236 321 239
320 18 322 21
320 51 322 54
320 55 322 58
320 83 322 86
320 101 322 104
320 132 322 135
320 143 322 146
320 164 322 167
320 181 322 184
320 201 322 204
320 205 322 208
320 211 322 214
320 247 322 250
321 12 323 15
321 35 323 38
321 46 323 49
321 70 323 73
321 92 323 95
321 97 323 100
321 106 323 109
321 115 323 118
321 120 323 123
321 125 323 128
321 149 323 152
321 155 323 158
321 185 323 188
321 219 323 222
321 242 323 245
322 1 324 4
322 7 324 10
322 27 324 30
322 63 324 66
322 75 324 78
322 111 324 114
322 168 324 171
322 175 324 178
322 193 324 196
322 224 324 227
322 233 324 236
322 238 324 241
323 18 325 21
323 31 325 34
323 58 325 61
323 80 325 83
323 84 325 87
323 101 325 104
323 129 325 132
323 140 325 143
323 198 325 201
323 203 325 206
323 213 325 216
324 23 326 26
324 36 326 39
324 40 326 43
324 49 326 52
324 90 326 93
324 95 326 98
324 105 326 108
324 115 326 118
324 120 326 123
324 125 326 128
324 144 326 147
324 152 326 155
324 156 326 159
324 161 326 164
324 179 326 182
324 184 326 187
324 217 326 220
325 2 327 5
325 6 327 9
325 11 327 14
325 62 327 65
325 109 327 112
325 165 327 168
325 169 327 172
325 193 327 196
325 208 327 211
325 222 327 225
325 226 327 229
325 234 327 237
325 243 327 246
325 249 327 252
326 16 328 19
326 44 328 47
326 53 328 56
326 69 328 72
326 74 328 77
326 101 328 104
326 130 328 133
326 148 328 151
326 188 328 191
326 197 328 200
326 212 328 215
327 23 329 26
327 29 329 32
327 33 329 36
327 39 329 42
327 57 329 60
327 87 329 90
327 113 329 116
327 119 329 122
327 141 329 144
327 153 329 156
327 157 329 160
327 176 329 179
327 238 329 241
328 7 330 10
328 11 330 14
328 48 330 51
328 65 330 68
328 83 330 86
328 91 330 94
328 123 330 126
328 134 330 137
328 161 330 164
328 168 330 171
328 172 330 175
328 181 330 184
328 202 330 205
328 219 330 222
328 225 330 228
328 231 330 234
328 247 330 250
329 53 331 56
329 78 331 81
329 95 331 98
329 104 331 107
329 145 331 148
329 189 331 192
329 195 331 198
329 214 331 217
330 2 332 5
330 15 332 18
330 19 332 22
330 30 332 33
330 37 332 40
330 74 332 77
330 119 332 122
330 157 332 160
330 207 332 210
330 238 332 241
331 10 333 13
331 24 333 27
331 43 333 46
331 63 333 66
331 82 333 85
331 89 333 92
331 100 333 103
331 109 333 112
331 113 333 116
331 124 333 127
331 164 333 167
331 173 333 176
331 179 333 182
331 183 333 186
331 233 333 236
331 242 333 245
331 247 333 250
332 50 334 53
332 78 334 81
332 96 334 99
332 128 334 131
332 142 334 145
332 187 334 190
332 193 334 196
332 202 334 205
332 212 334 215
332 216 334 219
3 0 4 6
5 83 6 89
6 34 7 40
13 114 14 120
14 34 15 40
23 106 24 112
25 115 26 121
25 126 26 132
41 40 42 46
45 71 46 77
53 11 54 17
55 38 56 44
56 98 57 104
64 7 65 13
66 42 67 48
75 125 76 131
77 92 78 98
83 114 84 120
92 129 93 135
95 23 96 29
95 46 96 52
99 10 100 16
101 7 102 13
102 0 103 6
102 139 103 145
104 53 105 59
104 80 105 86
105 42 106 48
111 21 112 27
114 64 115 70
114 139 115 145
115 55 116 61
118 134 119 140
119 16 120 22
129 21 130 27
133 90 134 96
137 81 138 87
139 94 140 100
143 58 144 64
150 21 151 27
151 40 152 46
156 15 157 21
156 27 157 33
156 101 157 107
157 77 158 83
157 88 158 94
161 135 162 141
168 18 169 24
175 90 176 96
178 88 179 94
185 117 186 123
189 19 190 25
191 0 192 6
193 133 194 139
201 70 202 76
203 20 204 26
207 38 208 44
212 100 213 106
213 84 214 90
217 8 218 14
220 119 221 125
224 132 225 138
225 75 226 81
226 0 227 6
230 113 231 119
237 7 238 13
238 122 239 128
244 121 245 127
245 24 246 30
246 130 247 136
248 140 249 146
251 36 252 42
256 33 257 39
257 64 258 70
264 4 265 10
265 61 266 67
270 13 271 19
271 108 272 114
271 122 272 128
273 52 274 58
273 119 274 125
275 89 276 95
278 116 279 122
279 137 280 143
281 63 282 69
282 21 283 27
284 36 285 42
293 0 294 6
293 14 294 20
295 0 296 6
301 128 302 134
318 33 319 39
323 133 324 139
326 80 327 86
326 134 327 140
330 138 331 144
332 67 333 73
333 0 334 6
333 14 334 20
333 28 334 34
333 35 334 41
333 117 334 123
334 59 335 65
334 82 335 88
334 108 335 114
334 133 335 139
335 3 336 9
335 21 336 27
335 28 336 34
335 36 336 42
335 46 336 52
335 75 336 81
335 89 336 95
335 115 336 121
335 122 336 128
336 11 337 17
336 60 337 66
336 98 337 104
336 129 337 135
336 137 337 143
337 1 338 7
337 18 338 24
337 25 338 31
337 38 338 44
337 45 338 51
337 52 338 58
337 67 338 73
337 74 338 80
337 85 338 91
337 105 338 111
337 112 338 118
337 119 338 125
338 92 339 98
338 126 339 132
338 133 339 139
338 140 339 146
339 4 340 10
339 12 340 18
339 19 340 25
339 26 340 32
339 34 340 40
339 43 340 49
339 50 340 56
339 60 340 66
339 68 340 74
339 75 340 81
339 84 340 90
339 100 340 106
339 107 340 113
339 114 340 120
340 93 341 99
340 125 341 131
340 134 341 140
340 141 341 147
341 0 342 6
341 7 342 13
341 14 342 20
341 21 342 27
341 29 342 35
341 36 342 42
341 43 342 49
341 50 342 56
341 58 342 64
341 67 342 73
341 77 342 83
341 84 342 90
341 104 342 110
341 111 342 117
341 118 342 124
342 94 343 100
342 128 343 134
342 136 343 142
343 0 344 6
343 14 344 20
343 23 344 29
343 30 344 36
343 37 344 43
343 45 344 51
343 52 344 58
343 59 344 65
343 66 344 72
343 76 344 82
343 83 344 89
343 101 344 107
343 117 344 123
344 7 345 13
344 124 345 130
344 136 345 142
345 18 346 24
345 28 346 34
345 35 346 41
345 45 346 51
345 52 346 58
345 60 346 66
345 69 346 75
345 76 346 82
345 83 346 89
345 90 346 96
345 97 346 103
345 109 346 115
346 0 347 6
346 8 347 14
346 122 347 128
346 129 347 135
346 136 347 142
347 15 348 21
347 22 348 28
347 30 348 36
347 38 348 44
347 47 348 53
347 57 348 63
347 64 348 70
347 71 348 77
347 81 348 87
347 92 348 98
347 99 348 105
347 106 348 112
347 113 348 119
348 0 349 6
348 7 349 13
348 120 349 126
348 128 349 134
348 135 349 141
349 14 350 20
349 21 350 27
349 28 350 34
349 42 350 48
349 54 350 60
349 62 350 68
349 69 350 75
349 76 350 82
349 89 350 95
349 96 350 102
349 103 350 109
349 110 350 116
350 1 351 7
350 35 351 41
350 117 351 123
350 124 351 130
350 137 351 143
351 8 352 14
351 18 352 24
351 42 352 48
351 51 352 57
351 60 352 66
351 67 352 73
351 79 352 85
351 86 352 92
351 93 352 99
351 100 352 106
351 107 352 113
352 0 353 6
352 25 353 31
352 32 353 38
352 114 353 120
352 121 353 127
352 128 353 134
352 138 353 144
353 11 354 17
353 18 354 24
353 41 354 47
353 48 354 54
353 55 354 61
353 62 354 68
353 70 354 76
353 77 354 83
353 84 354 90
353 91 354 97
353 98 354 104
353 107 354 113
354 0 355 6
354 25 355 31
354 32 355 38
354 121 355 127
354 131 355 137
355 11 356 17
355 18 356 24
355 39 356 45
355 47 356 53
355 54 356 60
355 61 356 67
355 68 356 74
355 78 356 84
355 85 356 91
355 92 356 98
355 99 356 105
355 106 356 112
356 3 357 9
356 30 357 36
356 113 357 119
356 120 357 126
356 128 357 134
356 135 357 141
357 10 358 16
357 17 358 23
357 37 358 43
357 45 358 51
357 52 358 58
357 59 358 65
357 66 358 72
357 73 358 79
357 80 358 86
357 88 358 94
357 95 358 101
357 103 358 109
358 0 359 6
358 26 359 32
358 110 359 116
358 117 359 123
358 124 359 130
358 132 359 138
358 139 359 145
359 14 360 20
359 33 360 39
359 40 360 46
359 47 360 53
359 58 360 64
359 65 360 71
359 72 360 78
359 79 360 85
359 86 360 92
359 99 360 105
360 0 361 6
360 22 361 28
360 106 361 112
360 113 361 119
360 125 361 131
360 132 361 138
361 7 362 13
361 14 362 20
361 29 362 35
361 36 362 42
361 43 362 49
361 53 362 59
361 63 362 69
361 73 362 79
361 84 362 90
361 91 362 97
361 98 362 104
361 139 362 145
362 21 363 27
362 105 363 111
362 119 363 125
362 126 363 132
363 2 364 8
363 9 364 15
363 30 364 36
363 42 364 48
363 56 364 62
363 65 364 71
363 72 364 78
363 87 364 93
363 94 364 100
363 133 364 139
363 140 364 146
364 79 365 85
364 101 365 107
364 108 365 114
364 118 365 124
364 126 365 132
365 2 366 8
365 10 366 16
365 18 366 24
365 28 366 34
365 37 366 43
365 44 366 50
365 55 366 61
365 62 366 68
365 87 366 93
365 94 366 100
365 135 366 141
366 69 367 75
366 77 367 83
366 102 367 108
366 109 367 115
366 121 367 127
366 128 367 134
367 0 368 6
367 9 368 15
367 16 368 22
367 23 368 29
367 32 368 38
367 39 368 45
367 51 368 57
367 59 368 65
367 84 368 90
367 136 368 142
368 66 369 72
368 73 369 79
368 95 369 101
368 102 369 108
368 109 369 115
369 9 370 15
369 23 370 29
369 34 370 40
369 41 370 47
369 48 370 54
369 55 370 61
369 85 370 91
369 116 370 122
369 131 370 137
369 138 370 144
370 16 371 22
370 66 371 72
370 78 371 84
370 92 371 98
370 99 371 105
370 106 371 112
371 9 372 15
371 26 372 32
371 33 372 39
371 40 372 46
371 48 372 54
371 55 372 61
371 85 372 91
371 113 372 119
371 120 372 126
371 127 372 133
371 134 372 140
372 0 373 6
372 17 373 23
372 66 373 72
372 75 373 81
372 92 373 98
372 99 373 105
373 7 374 13
373 27 374 33
373 34 374 40
373 41 374 47
373 48 374 54
373 55 374 61
373 109 374 115
373 123 374 129
373 130 374 136
373 138 374 144
374 14 375 20
374 69 375 75
374 78 375 84
374 85 375 91
374 92 375 98
374 116 375 122
375 0 376 6
375 7 376 13
375 22 376 28
375 29 376 35
375 38 376 44
375 45 376 51
375 52 376 58
375 59 376 65
375 99 376 105
375 135 376 141
376 14 377 20
376 73 377 79
376 82 377 88
376 89 377 95
376 113 377 119
376 126 377 132
377 0 378 6
377 21 378 27
377 28 378 34
377 35 378 41
377 42 378 48
377 58 378 64
377 65 378 71
377 96 378 102
377 103 378 109
377 133 378 139
378 10 379 16
378 72 379 78
378 79 379 85
378 89 379 95
378 110 379 116
378 117 379 123
379 17 380 23
379 24 380 30
379 34 380 40
379 41 380 47
379 55 380 61
379 62 380 68
379 98 380 104
379 124 380 130
379 134 380 140
380 4 381 10
380 48 381 54
380 75 381 81
380 82 381 88
380 89 381 95
380 105 381 111
380 141 381 147
381 11 382 17
381 20 382 26
381 27 382 33
381 34 382 40
381 41 382 47
381 55 382 61
381 62 382 68
381 96 382 102
381 116 382 122
381 124 382 130
382 0 383 6
382 48 383 54
382 69 383 75
382 80 383 86
382 87 383 93
382 105 383 111
382 139 383 145
383 7 384 13
383 15 384 21
383 22 384 28
383 29 384 35
383 37 384 43
383 55 384 61
383 94 384 100
383 113 384 119
383 131 384 137
384 62 385 68
384 69 385 75
384 77 385 83
384 84 385 90
384 101 385 107
384 122 385 128
384 139 385 145
385 4 386 10
385 15 386 21
385 23 386 29
385 31 386 37
385 40 386 46
385 52 386 58
385 91 386 97
385 108 386 114
385 130 386 136
386 66 387 72
386 73 387 79
386 80 387 86
386 98 387 104
386 115 387 121
386 122 387 128
386 137 387 143
387 0 388 6
387 7 388 13
387 35 388 41
387 46 388 52
387 56 388 62
387 105 388 111
387 129 388 135
388 19 389 25
388 26 389 32
388 63 389 69
388 70 389 76
388 77 389 83
388 84 389 90
388 92 389 98
388 136 389 142
389 0 390 6
389 7 390 13
389 33 390 39
389 40 390 46
389 47 390 53
389 54 390 60
389 103 390 109
389 111 390 117
389 118 390 124
389 125 390 131
390 14 391 20
390 24 391 30
390 62 391 68
390 75 391 81
390 84 391 90
390 91 391 97
390 135 391 141
391 5 392 11
391 38 392 44
391 47 392 53
391 54 392 60
391 106 392 112
391 113 392 119
391 120 392 126
391 127 392 133
392 12 393 18
392 24 393 30
392 62 393 68
392 69 393 75
392 76 393 82
392 87 393 93
392 94 393 100
393 1 394 7
393 31 394 37
393 38 394 44
393 45 394 51
393 53 394 59
393 101 394 107
393 108 394 114
393 115 394 121
393 123 394 129
393 130 394 136
393 139 394 145
394 8 395 14
394 16 395 22
394 23 395 29
394 60 395 66
394 68 395 74
394 81 395 87
394 88 395 94
395 0 396 6
395 30 396 36
395 37 396 43
395 44 396 50
395 52 396 58
395 95 396 101
395 105 396 111
395 112 396 118
395 119 396 125
395 127 396 133
396 15 397 21
396 22 397 28
396 59 397 65
396 67 397 73
396 74 397 80
396 81 397 87
396 88 397 94
396 135 397 141
397 3 398 9
397 33 398 39
397 40 398 46
397 47 398 53
397 95 398 101
397 107 398 113
397 115 398 121
397 127 398 133
398 10 399 16
398 22 399 28
398 58 399 64
398 65 399 71
398 72 399 78
398 79 399 85
398 87 399 93
398 134 399 140
398 141 399 147
399 1 400 7
399 29 400 35
399 36 400 42
399 45 400 51
399 94 400 100
399 102 400 108
399 109 400 115
399 116 400 122
399 123 400 129
400 11 401 17
400 18 401 24
400 53 401 59
400 62 401 68
400 70 401 76
400 77 401 83
400 87 401 93
400 130 401 136
400 137 401 143
401 0 402 6
401 25 402 31
401 32 402 38
401 41 402 47
401 105 402 111
401 121 402 127
402 7 403 13
402 14 403 20
402 48 403 54
402 67 403 73
402 74 403 80
402 81 403 87
402 88 403 94
402 95 403 101
402 112 403 118
402 132 403 138
402 139 403 145
403 30 404 36
403 37 404 43
403 55 404 61
403 119 404 125
404 1 405 7
404 9 405 15
404 17 405 23
404 46 405 52
404 62 405 68
404 75 405 81
404 85 405 91
404 92 405 98
404 107 405 113
404 127 405 133
405 25 406 31
405 32 406 38
405 39 406 45
405 53 406 59
405 114 406 120
405 134 406 140
406 0 407 6
406 7 407 13
406 14 407 20
406 60 407 66
406 68 407 74
406 75 407 81
406 82 407 88
406 89 407 95
406 96 407 102
406 103 407 109
406 121 407 127
406 141 407 147
407 21 408 27
407 28 408 34
407 41 408 47
407 48 408 54
407 110 408 116
407 128 408 134
408 0 409 6
408 7 409 13
408 14 409 20
408 55 409 61
408 62 409 68
408 69 409 75
408 76 409 82
408 83 409 89
408 90 409 96
408 97 409 103
408 117 409 123
408 136 409 142
409 27 410 33
409 37 410 43
409 44 410 50
409 110 410 116
409 124 410 130
410 1 411 7
410 8 411 14
410 54 411 60
410 61 411 67
410 68 411 74
410 75 411 81
410 84 411 90
410 91 411 97
410 99 411 105
410 131 411 137
410 138 411 144
411 16 412 22
411 24 412 30
411 31 412 37
411 38 412 44
411 45 412 51
411 106 412 112
411 113 412 119
412 0 413 6
412 7 413 13
412 54 413 60
412 61 413 67
412 68 413 74
412 75 413 81
412 82 413 88
412 90 413 96
412 97 413 103
412 120 413 126
412 130 413 136
412 137 413 143
413 14 414 20
413 21 414 27
413 33 414 39
413 40 414 46
413 47 414 53
413 104 414 110
413 111 414 117
414 0 415 6
414 7 415 13
414 54 415 60
414 66 415 72
414 80 415 86
414 87 415 93
414 94 415 100
414 118 415 124
414 125 415 131
414 133 415 139
414 140 415 146
415 14 416 20
415 21 416 27
415 28 416 34
415 35 416 41
415 42 416 48
415 101 416 107
415 109 416 115
416 49 417 55
416 56 417 62
416 63 417 69
416 75 417 81
416 82 417 88
416 89 417 95
416 117 417 123
416 124 417 130
416 135 417 141
417 0 418 6
417 11 418 17
417 18 418 24
417 33 418 39
417 40 418 46
417 96 418 102
417 103 418 109
418 49 419 55
418 56 419 62
418 63 419 69
418 71 419 77
418 78 419 84
418 88 419 94
418 110 419 116
418 118 419 124
418 128 419 134
418 140 419 146
419 0 420 6
419 7 420 13
419 14 420 20
419 21 420 27
419 28 420 34
419 35 420 41
419 95 420 101
420 42 421 48
420 49 421 55
420 61 421 67
420 76 421 82
420 83 421 89
420 105 421 111
420 116 421 122
420 124 421 130
420 136 421 142
421 0 422 6
421 7 422 13
421 14 422 20
421 24 422 30
421 92 422 98
422 32 423 38
422 39 423 45
422 49 423 55
422 56 423 62
422 63 423 69
422 70 423 76
422 77 423 83
422 84 423 90
422 99 423 105
422 106 423 112
422 117 423 123
422 124 423 130
422 134 423 140
422 141 423 147
423 0 424 6
423 7 424 13
423 17 424 23
423 91 424 97
424 24 425 30
424 31 425 37
424 38 425 44
424 45 425 51
424 52 425 58
424 59 425 65
424 66 425 72
424 73 425 79
424 99 425 105
424 106 425 112
424 114 425 120
424 121 425 127
424 131 425 137
424 140 425 146
425 0 426 6
425 7 426 13
425 14 426 20
425 81 426 87
425 88 426 94
426 21 427 27
426 28 427 34
426 35 427 41
426 50 427 56
426 57 427 63
426 70 427 76
426 95 427 101
426 107 427 113
426 114 427 120
426 121 427 127
426 128 427 134
426 135 427 141
427 2 428 8
427 42 428 48
427 77 428 83
427 87 428 93
428 10 429 16
428 19 429 25
428 26 429 32
428 49 429 55
428 56 429 62
428 63 429 69
428 95 429 101
428 102 429 108
428 114 429 120
428 121 429 127
428 129 429 135
428 139 429 145
429 0 430 6
429 33 430 39
429 42 430 48
429 71 430 77
429 79 430 85
429 87 430 93
430 7 431 13
430 24 431 30
430 49 431 55
430 59 431 65
430 96 431 102
430 103 431 109
430 110 431 116
430 118 431 124
430 125 431 131
430 132 431 138
430 139 431 145
431 0 432 6
431 14 432 20
431 31 432 37
431 40 432 46
431 66 432 72
431 73 432 79
431 80 432 86
431 88 432 94
432 51 433 57
432 58 433 64
432 96 433 102
432 104 433 110
432 111 433 117
432 118 433 124
432 126 433 132
432 134 433 140
433 0 434 6
433 9 434 15
433 16 434 22
433 26 434 32
433 35 434 41
433 65 434 71
433 74 434 80
433 82 434 88
433 89 434 95
434 42 435 48
434 49 435 55
434 56 435 62
434 96 435 102
434 108 435 114
434 115 435 121
434 122 435 128
434 129 435 135
434 136 435 142
435 0 436 6
435 8 436 14
435 22 436 28
435 30 436 36
435 68 436 74
435 75 436 81
435 83 436 89
436 15 437 21
436 37 437 43
436 44 437 50
436 51 437 57
436 58 437 64
436 90 437 96
436 97 437 103
436 104 437 110
436 117 437 123
436 124 437 130
436 131 437 137
436 139 437 145
437 5 438 11
437 28 438 34
437 65 438 71
437 72 438 78
437 79 438 85
438 13 439 19
438 20 439 26
438 38 439 44
438 52 439 58
438 87 439 93
438 97 439 103
438 104 439 110
438 114 439 120
438 121 439 127
438 128 439 134
438 135 439 141
439 3 440 9
439 27 440 33
439 59 440 65
439 68 440 74
439 75 440 81
440 10 441 16
440 17 441 23
440 35 441 41
440 47 441 53
440 82 441 88
440 90 441 96
440 101 441 107
440 109 441 115
440 117 441 123
440 124 441 130
440 135 441 141
441 0 442 6
441 25 442 31
441 55 442 61
441 62 442 68
441 69 442 75
442 8 443 14
442 15 443 21
442 33 443 39
442 40 443 46
442 47 443 53
442 76 443 82
442 84 443 90
442 91 443 97
442 101 443 107
442 109 443 115
442 127 443 133
442 136 443 142
443 0 444 6
443 26 444 32
443 58 444 64
443 116 444 122
444 7 445 13
444 14 445 20
444 33 445 39
444 40 445 46
444 48 445 54
444 66 445 72
444 74 445 80
444 81 445 87
444 88 445 94
444 95 445 101
444 102 445 108
444 109 445 115
444 124 445 130
444 131 445 137
444 138 445 144
445 0 446 6
445 21 446 27
445 57 446 63
445 116 446 122
446 14 447 20
446 28 447 34
446 40 447 46
446 47 447 53
446 64 447 70
446 77 447 83
446 101 447 107
446 108 447 114
446 123 447 129
446 130 447 136
446 138 447 144
447 0 448 6
447 7 448 13
447 21 448 27
447 54 448 60
447 84 448 90
447 91 448 97
447 115 448 121
448 28 449 34
448 35 449 41
448 42 449 48
448 61 449 67
448 68 449 74
448 75 449 81
448 98 449 104
448 105 449 111
448 123 449 129
448 130 449 136
448 138 449 144
449 0 450 6
449 12 450 18
449 49 450 55
449 112 450 118
450 19 451 25
450 28 451 34
450 35 451 41
450 57 451 63
450 75 451 81
450 99 451 105
450 119 451 125
450 126 451 132
450 137 451 143
451 0 452 6
451 9 452 15
451 48 452 54
451 85 452 91
451 106 452 112
452 16 453 22
452 23 453 29
452 38 453 44
452 57 453 63
452 64 453 70
452 72 453 78
452 93 453 99
452 116 453 122
452 123 453 129
452 130 453 136
452 137 453 143
453 4 454 10
453 30 454 36
453 45 454 51
453 82 454 88
453 100 454 106
453 107 454 113
454 11 455 17
454 18 455 24
454 37 455 43
454 52 455 58
454 63 455 69
454 70 455 76
454 90 455 96
454 114 455 120
454 124 455 130
454 131 455 137
455 0 456 6
455 25 456 31
455 44 456 50
455 77 456 83
455 97 456 103
455 104 456 110
455 138 456 144
456 12 457 18
456 32 457 38
456 51 457 57
456 58 457 64
456 65 457 71
456 84 457 90
456 111 457 117
456 120 457 126
456 127 457 133
457 0 458 6
457 21 458 27
457 39 458 45
457 72 458 78
457 97 458 103
457 104 458 110
458 7 459 13
458 29 459 35
458 50 459 56
458 57 459 63
458 64 459 70
458 79 459 85
458 86 459 92
458 115 459 121
458 125 459 131
458 132 459 138
458 140 459 146
459 0 460 6
459 14 460 20
459 22 460 28
459 38 460 44
459 71 460 77
459 95 460 101
459 102 460 108
460 7 461 13
460 45 461 51
460 54 461 60
460 61 461 67
460 84 461 90
460 109 461 115
460 116 461 122
460 127 461 133
460 135 461 141
461 15 462 21
461 22 462 28
461 29 462 35
461 36 462 42
461 68 462 74
461 91 462 97
461 98 462 104
462 0 463 6
462 7 463 13
462 45 463 51
462 53 463 59
462 61 463 67
462 81 463 87
462 111 463 117
462 119 463 125
462 127 463 133
462 134 463 140
463 14 464 20
463 21 464 27
463 28 464 34
463 36 464 42
463 68 464 74
463 88 464 94
463 95 464 101
464 0 465 6
464 7 465 13
464 44 465 50
464 55 465 61
464 77 465 83
464 103 465 109
464 110 465 116
464 117 465 123
464 124 465 130
464 134 465 140
465 14 466 20
465 22 466 28
465 34 466 40
465 62 466 68
465 69 466 75
465 84 466 90
465 91 466 97
465 141 466 147
466 0 467 6
466 7 467 13
466 41 467 47
466 52 467 58
466 98 467 104
466 115 467 121
466 122 467 128
466 129 467 135
467 14 468 20
467 21 468 27
467 28 468 34
467 59 468 65
467 66 468 72
467 77 468 83
467 84 468 90
467 105 468 111
467 137 468 143
468 0 469 6
468 7 469 13
468 44 469 50
468 51 469 57
468 118 469 124
468 129 469 135
469 14 470 20
469 21 470 27
469 28 470 34
469 35 470 41
469 63 470 69
469 73 470 79
469 85 470 91
469 92 470 98
469 103 470 109
469 110 470 116
469 136 470 142
470 2 471 8
470 48 471 54
470 55 471 61
470 117 471 123
470 124 471 130
471 9 472 15
471 16 472 22
471 25 472 31
471 32 472 38
471 39 472 45
471 65 472 71
471 73 472 79
471 80 472 86
471 90 472 96
471 105 472 111
471 131 472 137
471 138 472 144
472 46 473 52
472 98 473 104
472 114 473 120
472 121 473 127
473 5 474 11
473 23 474 29
473 30 474 36
473 37 474 43
473 53 474 59
473 60 474 66
473 67 474 73
473 76 474 82
473 83 474 89
473 91 474 97
473 128 474 134
473 135 474 141
474 12 475 18
474 44 475 50
474 99 475 105
474 106 475 112
474 113 475 119
474 121 475 127
475 0 476 6
475 19 476 25
475 27 476 33
475 34 476 40
475 51 476 57
475 58 476 64
475 66 476 72
475 76 476 82
475 83 476 89
475 90 476 96
475 128 476 134
475 137 476 143
476 7 477 13
476 41 477 47
476 97 477 103
476 104 477 110
476 114 477 120
476 121 477 127
477 14 478 20
477 21 478 27
477 28 478 34
477 51 478 57
477 58 478 64
477 72 478 78
477 79 478 85
477 88 478 94
477 128 478 134
477 135 478 141
478 2 479 8
478 35 479 41
478 95 479 101
478 104 479 110
478 111 479 117
478 121 479 127
479 10 480 16
479 17 480 23
479 55 480 61
479 62 480 68
479 70 480 76
479 84 480 90
479 128 480 134
479 136 480 142
480 1 481 7
480 26 481 32
480 33 481 39
480 41 481 47
480 91 481 97
480 98 481 104
480 105 481 111
480 113 481 119
480 120 481 126
481 8 482 14
481 15 482 21
481 53 482 59
481 60 482 66
481 67 482 73
481 74 482 80
481 127 482 133
481 134 482 140
481 141 482 147
482 0 483 6
482 23 483 29
482 30 483 36
482 37 483 43
482 44 483 50
482 85 483 91
482 93 483 99
482 100 483 106
482 109 483 115
482 119 483 125
483 13 484 19
483 51 484 57
483 67 484 73
483 127 484 133
483 134 484 140
483 141 484 147
484 0 485 6
484 22 485 28
484 30 485 36
484 37 485 43
484 58 485 64
484 82 485 88
484 99 485 105
484 106 485 112
484 116 485 122
485 7 486 13
485 14 486 20
485 45 486 51
485 66 486 72
485 73 486 79
485 90 486 96
485 127 486 133
485 134 486 140
485 141 486 147
486 0 487 6
486 23 487 29
486 52 487 58
486 80 487 86
486 98 487 104
486 112 487 118
486 119 487 125
487 14 488 20
487 30 488 36
487 37 488 43
487 44 488 50
487 67 488 73
487 87 488 93
487 126 488 132
487 136 488 142
488 0 489 6
488 7 489 13
488 52 489 58
488 74 489 80
488 94 489 100
488 109 489 115
488 116 489 122
489 33 490 39
489 40 490 46
489 59 490 65
489 83 490 89
489 101 490 107
489 131 490 137
489 138 490 144
490 2 491 8
490 9 491 15
490 47 491 53
490 66 491 72
490 108 491 114
490 115 491 121
490 122 491 128
491 17 492 23
491 26 492 32
491 37 492 43
491 54 492 60
491 80 492 86
491 87 492 93
491 94 492 100
491 129 492 135
491 136 492 142
492 0 493 6
492 8 493 14
492 62 493 68
492 69 493 75
492 101 493 107
492 109 493 115
492 117 493 123
493 15 494 21
493 22 494 28
493 29 494 35
493 36 494 42
493 48 494 54
493 78 494 84
493 85 494 91
493 92 494 98
493 126 494 132
493 133 494 139
494 0 495 6
494 60 495 66
494 99 495 105
494 106 495 112
494 115 495 121
495 7 496 13
495 16 496 22
495 24 496 30
495 37 496 43
495 44 496 50
495 51 496 57
495 67 496 73
495 78 496 84
495 85 496 91
495 92 496 98
495 137 496 143
496 58 497 64
496 101 497 107
496 108 497 114
496 117 497 123
497 0 498 6
497 10 498 16
497 20 498 26
497 31 498 37
497 38 498 44
497 45 498 51
497 66 498 72
497 76 498 82
497 83 498 89
497 93 498 99
497 124 498 130
497 131 498 137
497 138 498 144
498 52 499 58
498 59 499 65
498 100 499 106
498 107 499 113
498 115 499 121
499 0 500 6
499 7 500 13
499 14 500 20
499 24 500 30
499 31 500 37
499 38 500 44
499 69 500 75
499 79 500 85
499 86 500 92
499 93 500 99
499 122 500 128
499 130 500 136
499 137 500 143
