447
0 0 2 3
0 4 2 7
0 8 2 11
0 12 2 15
0 16 2 19
0 20 2 23
0 24 2 27
0 28 2 31
0 32 2 35
0 36 2 39
0 40 2 43
0 44 2 47
0 48 2 51
0 52 2 55
0 56 2 59
0 60 2 63
3 0 5 3
3 4 5 7
3 8 5 11
3 12 5 15
3 16 5 19
3 20 5 23
3 24 5 27
3 29 5 32
3 33 5 36
3 37 5 40
3 41 5 44
3 45 5 48
3 52 5 55
3 56 5 59
3 60 5 63
6 0 8 3
6 4 8 7
6 8 8 11
6 12 8 15
6 16 8 19
6 20 8 23
6 24 8 27
6 28 8 31
6 32 8 35
6 36 8 39
6 40 8 43
6 45 8 48
6 50 8 53
6 54 8 57
6 60 8 63
9 0 11 3
9 4 11 7
9 8 11 11
9 12 11 15
9 18 11 21
9 22 11 25
9 26 11 29
9 30 11 33
9 34 11 37
9 38 11 41
9 42 11 45
9 46 11 49
9 50 11 53
9 54 11 57
9 58 11 61
12 0 14 3
12 5 14 8
12 9 14 12
12 14 14 17
12 18 14 21
12 22 14 25
12 26 14 29
12 30 14 33
12 34 14 37
12 38 14 41
12 42 14 45
12 46 14 49
12 50 14 53
12 54 14 57
12 58 14 61
15 0 17 3
15 4 17 7
15 8 17 11
15 12 17 15
15 18 17 21
15 22 17 25
15 26 17 29
15 30 17 33
15 37 17 40
15 41 17 44
15 45 17 48
15 49 17 52
15 53 17 56
15 57 17 60
15 61 17 64
18 0 20 3
18 4 20 7
18 8 20 11
18 14 20 17
18 18 20 21
18 22 20 25
18 26 20 29
18 30 20 33
18 34 20 37
18 39 20 42
18 43 20 46
18 47 20 50
18 51 20 54
18 55 20 58
18 59 20 62
21 0 23 3
21 4 23 7
21 8 23 11
21 12 23 15
21 16 23 19
21 20 23 23
21 24 23 27
21 28 23 31
21 32 23 35
21 36 23 39
21 40 23 43
21 44 23 47
21 48 23 51
21 52 23 55
21 56 23 59
21 60 23 63
24 0 26 3
24 5 26 8
24 9 26 12
24 13 26 16
24 17 26 20
24 22 26 25
24 26 26 29
24 30 26 33
24 34 26 37
24 39 26 42
24 43 26 46
24 47 26 50
24 51 26 54
24 55 26 58
24 59 26 62
27 2 29 5
27 6 29 9
27 10 29 13
27 14 29 17
27 18 29 21
27 22 29 25
27 26 29 29
27 30 29 33
27 35 29 38
27 39 29 42
27 43 29 46
27 47 29 50
27 52 29 55
27 56 29 59
27 60 29 63
30 0 32 3
30 4 32 7
30 9 32 12
30 13 32 16
30 17 32 20
30 21 32 24
30 30 32 33
30 34 32 37
30 38 32 41
30 42 32 45
30 46 32 49
30 53 32 56
30 57 32 60
30 61 32 64
31 25 33 28
33 0 35 3
33 6 35 9
33 10 35 13
33 14 35 17
33 18 35 21
33 29 35 32
33 33 35 36
33 37 35 40
33 41 35 44
33 46 35 49
33 50 35 53
33 54 35 57
33 58 35 61
34 22 36 25
36 0 38 3
36 4 38 7
36 9 38 12
36 13 38 16
36 17 38 20
36 26 38 29
36 30 38 33
36 34 38 37
36 38 38 41
36 42 38 45
36 47 38 50
36 51 38 54
36 55 38 58
36 59 38 62
37 21 39 24
39 0 41 3
39 4 41 7
39 8 41 11
39 12 41 15
39 16 41 19
39 27 41 30
39 31 41 34
39 35 41 38
39 41 41 44
39 45 41 48
39 49 41 52
39 53 41 56
39 57 41 60
39 61 41 64
40 20 42 23
42 0 44 3
42 4 44 7
42 8 44 11
42 12 44 15
42 16 44 19
42 24 44 27
42 28 44 31
42 32 44 35
42 36 44 39
42 40 44 43
42 46 44 49
42 50 44 53
42 54 44 57
42 58 44 61
43 20 45 23
45 0 47 3
45 4 47 7
45 8 47 11
45 12 47 15
45 24 47 27
45 28 47 31
45 32 47 35
45 36 47 39
45 40 47 43
45 44 47 47
45 48 47 51
45 52 47 55
45 61 47 64
46 16 48 19
46 20 48 23
46 57 48 60
48 0 50 3
48 4 50 7
48 8 50 11
48 12 50 15
48 24 50 27
48 29 50 32
48 34 50 37
48 38 50 41
48 42 50 45
48 46 50 49
48 50 50 53
49 16 51 19
49 20 51 23
49 54 51 57
49 58 51 61
51 0 53 3
51 4 53 7
51 8 53 11
51 12 53 15
51 24 53 27
51 28 53 31
51 32 53 35
51 36 53 39
51 40 53 43
51 44 53 47
51 48 53 51
52 16 54 19
52 20 54 23
52 54 54 57
52 58 54 61
54 0 56 3
54 5 56 8
54 9 56 12
54 25 56 28
54 29 56 32
54 33 56 36
54 37 56 40
54 41 56 44
54 45 56 48
54 49 56 52
55 13 57 16
55 17 57 20
55 21 57 24
55 53 57 56
55 57 57 60
55 61 57 64
57 0 59 3
57 4 59 7
57 8 59 11
57 25 59 28
57 29 59 32
57 33 59 36
57 37 59 40
57 41 59 44
57 45 59 48
57 49 59 52
58 13 60 16
58 17 60 20
58 21 60 24
58 55 60 58
58 59 60 62
60 0 62 3
60 4 62 7
60 8 62 11
60 25 62 28
60 29 62 32
60 33 62 36
60 37 62 40
60 41 62 44
60 45 62 48
60 49 62 52
61 12 63 15
61 16 63 19
61 20 63 23
61 53 63 56
61 57 63 60
61 61 63 64
63 0 65 3
63 5 65 8
63 24 65 27
63 28 65 31
63 32 65 35
63 36 65 39
63 40 65 43
63 44 65 47
63 48 65 51
64 9 66 12
64 17 66 20
64 52 66 55
64 56 66 59
64 60 66 63
66 0 67 5
66 21 67 26
66 27 67 32
66 33 67 38
66 39 67 44
67 6 68 11
67 12 68 17
68 0 69 5
68 18 69 23
68 24 69 29
68 30 69 35
68 37 69 42
69 6 70 11
69 12 70 17
70 0 71 5
70 20 71 25
70 26 71 31
70 32 71 37
70 38 71 43
71 6 72 11
71 12 72 17
72 0 73 5
72 18 73 23
72 24 73 29
72 30 73 35
72 36 73 41
73 6 74 11
73 12 74 17
74 0 75 5
74 18 75 23
74 24 75 29
74 30 75 35
74 36 75 41
75 6 76 11
76 0 77 5
76 12 77 17
76 18 77 23
76 24 77 29
76 30 77 35
76 36 77 41
77 6 78 11
78 12 79 17
78 18 79 23
78 24 79 29
78 30 79 35
78 39 79 44
79 0 80 5
79 6 80 11
80 13 81 18
80 19 81 24
80 25 81 30
80 31 81 36
80 37 81 42
81 0 82 5
81 6 82 11
82 12 83 17
82 18 83 23
82 24 83 29
82 30 83 35
82 36 83 41
83 0 84 5
83 6 84 11
84 12 85 17
84 18 85 23
84 24 85 29
84 30 85 35
84 38 85 43
85 0 86 5
85 6 86 11
86 13 87 18
86 19 87 24
86 25 87 30
86 31 87 36
86 37 87 42
87 0 88 5
87 6 88 11
88 12 89 17
88 18 89 23
88 25 89 30
88 35 89 40
89 1 90 6
90 7 91 12
90 15 91 20
90 21 91 26
90 27 91 32
90 33 91 38
91 0 92 5
91 39 92 44
92 6 93 11
92 12 93 17
92 18 93 23
92 24 93 29
92 30 93 35
93 0 94 5
93 36 94 41
94 6 95 11
94 12 95 17
94 18 95 23
94 24 95 29
94 30 95 35
95 0 96 5
95 36 96 41
96 8 97 13
96 14 97 19
96 20 97 25
96 26 97 31
97 32 98 37
97 39 98 44
98 1 99 6
98 7 99 12
98 13 99 18
98 19 99 24
98 25 99 30
99 31 100 36
